[debug] [2025-05-27T01:44:54.240Z] ----------------------------------------------------------------------
[debug] [2025-05-27T01:44:54.241Z] Command:       /opt/homebrew/Cellar/node/22.4.1/bin/node /opt/homebrew/bin/firebase deploy --only functions
[debug] [2025-05-27T01:44:54.241Z] CLI Version:   14.4.0
[debug] [2025-05-27T01:44:54.241Z] Platform:      darwin
[debug] [2025-05-27T01:44:54.242Z] Node Version:  v22.4.1
[debug] [2025-05-27T01:44:54.242Z] Time:          Tue May 27 2025 10:44:54 GMT+0900 (대한민국 표준시)
[debug] [2025-05-27T01:44:54.242Z] ----------------------------------------------------------------------
[debug] 
[debug] [2025-05-27T01:44:54.327Z] > command requires scopes: ["email","openid","https://www.googleapis.com/auth/cloudplatformprojects.readonly","https://www.googleapis.com/auth/firebase","https://www.googleapis.com/auth/cloud-platform"]
[debug] [2025-05-27T01:44:54.327Z] > authorizing via signed-in user (rbqls6651@gmail.com)
[debug] [2025-05-27T01:44:54.328Z] [iam] checking project churchappexpo for permissions ["cloudfunctions.functions.create","cloudfunctions.functions.delete","cloudfunctions.functions.get","cloudfunctions.functions.list","cloudfunctions.functions.update","cloudfunctions.operations.get","firebase.projects.get"]
[debug] [2025-05-27T01:44:54.328Z] Checked if tokens are valid: true, expires at: 1748312471608
[debug] [2025-05-27T01:44:54.328Z] Checked if tokens are valid: true, expires at: 1748312471608
[debug] [2025-05-27T01:44:54.328Z] >>> [apiv2][query] POST https://cloudresourcemanager.googleapis.com/v1/projects/churchappexpo:testIamPermissions [none]
[debug] [2025-05-27T01:44:54.328Z] >>> [apiv2][(partial)header] POST https://cloudresourcemanager.googleapis.com/v1/projects/churchappexpo:testIamPermissions x-goog-quota-user=projects/churchappexpo
[debug] [2025-05-27T01:44:54.328Z] >>> [apiv2][body] POST https://cloudresourcemanager.googleapis.com/v1/projects/churchappexpo:testIamPermissions {"permissions":["cloudfunctions.functions.create","cloudfunctions.functions.delete","cloudfunctions.functions.get","cloudfunctions.functions.list","cloudfunctions.functions.update","cloudfunctions.operations.get","firebase.projects.get"]}
[debug] [2025-05-27T01:44:55.332Z] <<< [apiv2][status] POST https://cloudresourcemanager.googleapis.com/v1/projects/churchappexpo:testIamPermissions 200
[debug] [2025-05-27T01:44:55.333Z] <<< [apiv2][body] POST https://cloudresourcemanager.googleapis.com/v1/projects/churchappexpo:testIamPermissions {"permissions":["cloudfunctions.functions.create","cloudfunctions.functions.delete","cloudfunctions.functions.get","cloudfunctions.functions.list","cloudfunctions.functions.update","cloudfunctions.operations.get","firebase.projects.get"]}
[debug] [2025-05-27T01:44:55.333Z] Checked if tokens are valid: true, expires at: 1748312471608
[debug] [2025-05-27T01:44:55.333Z] Checked if tokens are valid: true, expires at: 1748312471608
[debug] [2025-05-27T01:44:55.333Z] >>> [apiv2][query] POST https://iam.googleapis.com/v1/projects/churchappexpo/serviceAccounts/churchappexpo@appspot.gserviceaccount.com:testIamPermissions [none]
[debug] [2025-05-27T01:44:55.333Z] >>> [apiv2][body] POST https://iam.googleapis.com/v1/projects/churchappexpo/serviceAccounts/churchappexpo@appspot.gserviceaccount.com:testIamPermissions {"permissions":["iam.serviceAccounts.actAs"]}
[debug] [2025-05-27T01:44:56.567Z] <<< [apiv2][status] POST https://iam.googleapis.com/v1/projects/churchappexpo/serviceAccounts/churchappexpo@appspot.gserviceaccount.com:testIamPermissions 200
[debug] [2025-05-27T01:44:56.567Z] <<< [apiv2][body] POST https://iam.googleapis.com/v1/projects/churchappexpo/serviceAccounts/churchappexpo@appspot.gserviceaccount.com:testIamPermissions {"permissions":["iam.serviceAccounts.actAs"]}
[info] 
[info] === Deploying to 'churchappexpo'...
[info] 
[info] i  deploying functions 
[info] Running command: npm --prefix "$RESOURCE_DIR" run lint
[info] Running command: npm --prefix "$RESOURCE_DIR" run build
[info] ✔  functions: Finished running predeploy script. 
[debug] [2025-05-27T01:44:58.923Z] Checked if tokens are valid: true, expires at: 1748312471608
[debug] [2025-05-27T01:44:58.923Z] Checked if tokens are valid: true, expires at: 1748312471608
[debug] [2025-05-27T01:44:58.923Z] >>> [apiv2][query] GET https://serviceusage.googleapis.com/v1/projects/churchappexpo/services/cloudresourcemanager.googleapis.com [none]
[debug] [2025-05-27T01:44:58.923Z] >>> [apiv2][(partial)header] GET https://serviceusage.googleapis.com/v1/projects/churchappexpo/services/cloudresourcemanager.googleapis.com x-goog-quota-user=projects/churchappexpo
[debug] [2025-05-27T01:45:00.332Z] <<< [apiv2][status] GET https://serviceusage.googleapis.com/v1/projects/churchappexpo/services/cloudresourcemanager.googleapis.com 200
[debug] [2025-05-27T01:45:00.332Z] <<< [apiv2][body] GET https://serviceusage.googleapis.com/v1/projects/churchappexpo/services/cloudresourcemanager.googleapis.com [omitted]
[debug] [2025-05-27T01:45:00.332Z] Checked if tokens are valid: true, expires at: 1748312471608
[debug] [2025-05-27T01:45:00.332Z] Checked if tokens are valid: true, expires at: 1748312471608
[debug] [2025-05-27T01:45:00.333Z] >>> [apiv2][query] GET https://cloudresourcemanager.googleapis.com/v1/projects/churchappexpo [none]
[debug] [2025-05-27T01:45:01.338Z] <<< [apiv2][status] GET https://cloudresourcemanager.googleapis.com/v1/projects/churchappexpo 200
[debug] [2025-05-27T01:45:01.338Z] <<< [apiv2][body] GET https://cloudresourcemanager.googleapis.com/v1/projects/churchappexpo {"projectNumber":"650084657232","projectId":"churchappexpo","lifecycleState":"ACTIVE","name":"ChurchAppExpo","labels":{"firebase":"enabled","firebase-core":"disabled"},"createTime":"2025-05-07T05:04:32.600502Z"}
[info] i  functions: preparing codebase default for deployment 
[info] i  functions: ensuring required API cloudfunctions.googleapis.com is enabled... 
[debug] [2025-05-27T01:45:01.339Z] Checked if tokens are valid: true, expires at: 1748312471608
[debug] [2025-05-27T01:45:01.339Z] Checked if tokens are valid: true, expires at: 1748312471608
[debug] [2025-05-27T01:45:01.340Z] Checked if tokens are valid: true, expires at: 1748312471608
[debug] [2025-05-27T01:45:01.340Z] Checked if tokens are valid: true, expires at: 1748312471608
[info] i  functions: ensuring required API cloudbuild.googleapis.com is enabled... 
[debug] [2025-05-27T01:45:01.340Z] Checked if tokens are valid: true, expires at: 1748312471608
[debug] [2025-05-27T01:45:01.340Z] Checked if tokens are valid: true, expires at: 1748312471608
[info] i  artifactregistry: ensuring required API artifactregistry.googleapis.com is enabled... 
[debug] [2025-05-27T01:45:01.340Z] Checked if tokens are valid: true, expires at: 1748312471608
[debug] [2025-05-27T01:45:01.340Z] Checked if tokens are valid: true, expires at: 1748312471608
[debug] [2025-05-27T01:45:01.340Z] >>> [apiv2][query] GET https://serviceusage.googleapis.com/v1/projects/churchappexpo/services/cloudfunctions.googleapis.com [none]
[debug] [2025-05-27T01:45:01.340Z] >>> [apiv2][(partial)header] GET https://serviceusage.googleapis.com/v1/projects/churchappexpo/services/cloudfunctions.googleapis.com x-goog-quota-user=projects/churchappexpo
[debug] [2025-05-27T01:45:01.341Z] >>> [apiv2][query] GET https://serviceusage.googleapis.com/v1/projects/churchappexpo/services/runtimeconfig.googleapis.com [none]
[debug] [2025-05-27T01:45:01.341Z] >>> [apiv2][(partial)header] GET https://serviceusage.googleapis.com/v1/projects/churchappexpo/services/runtimeconfig.googleapis.com x-goog-quota-user=projects/churchappexpo
[debug] [2025-05-27T01:45:01.343Z] >>> [apiv2][query] GET https://serviceusage.googleapis.com/v1/projects/churchappexpo/services/cloudbuild.googleapis.com [none]
[debug] [2025-05-27T01:45:01.343Z] >>> [apiv2][(partial)header] GET https://serviceusage.googleapis.com/v1/projects/churchappexpo/services/cloudbuild.googleapis.com x-goog-quota-user=projects/churchappexpo
[debug] [2025-05-27T01:45:01.345Z] >>> [apiv2][query] GET https://serviceusage.googleapis.com/v1/projects/churchappexpo/services/artifactregistry.googleapis.com [none]
[debug] [2025-05-27T01:45:01.346Z] >>> [apiv2][(partial)header] GET https://serviceusage.googleapis.com/v1/projects/churchappexpo/services/artifactregistry.googleapis.com x-goog-quota-user=projects/churchappexpo
[debug] [2025-05-27T01:45:02.560Z] <<< [apiv2][status] GET https://serviceusage.googleapis.com/v1/projects/churchappexpo/services/cloudfunctions.googleapis.com 200
[debug] [2025-05-27T01:45:02.560Z] <<< [apiv2][body] GET https://serviceusage.googleapis.com/v1/projects/churchappexpo/services/cloudfunctions.googleapis.com [omitted]
[info] ✔  functions: required API cloudfunctions.googleapis.com is enabled 
[debug] [2025-05-27T01:45:02.595Z] <<< [apiv2][status] GET https://serviceusage.googleapis.com/v1/projects/churchappexpo/services/cloudbuild.googleapis.com 200
[debug] [2025-05-27T01:45:02.595Z] <<< [apiv2][body] GET https://serviceusage.googleapis.com/v1/projects/churchappexpo/services/cloudbuild.googleapis.com [omitted]
[info] ✔  functions: required API cloudbuild.googleapis.com is enabled 
[debug] [2025-05-27T01:45:02.606Z] <<< [apiv2][status] GET https://serviceusage.googleapis.com/v1/projects/churchappexpo/services/artifactregistry.googleapis.com 200
[debug] [2025-05-27T01:45:02.606Z] <<< [apiv2][body] GET https://serviceusage.googleapis.com/v1/projects/churchappexpo/services/artifactregistry.googleapis.com [omitted]
[info] ✔  artifactregistry: required API artifactregistry.googleapis.com is enabled 
[debug] [2025-05-27T01:45:02.609Z] <<< [apiv2][status] GET https://serviceusage.googleapis.com/v1/projects/churchappexpo/services/runtimeconfig.googleapis.com 200
[debug] [2025-05-27T01:45:02.609Z] <<< [apiv2][body] GET https://serviceusage.googleapis.com/v1/projects/churchappexpo/services/runtimeconfig.googleapis.com [omitted]
[debug] [2025-05-27T01:45:02.609Z] Checked if tokens are valid: true, expires at: 1748312471608
[debug] [2025-05-27T01:45:02.609Z] Checked if tokens are valid: true, expires at: 1748312471608
[debug] [2025-05-27T01:45:02.609Z] >>> [apiv2][query] GET https://firebase.googleapis.com/v1beta1/projects/churchappexpo/adminSdkConfig [none]
[debug] [2025-05-27T01:45:03.045Z] <<< [apiv2][status] GET https://firebase.googleapis.com/v1beta1/projects/churchappexpo/adminSdkConfig 200
[debug] [2025-05-27T01:45:03.045Z] <<< [apiv2][body] GET https://firebase.googleapis.com/v1beta1/projects/churchappexpo/adminSdkConfig {"projectId":"churchappexpo","storageBucket":"churchappexpo.firebasestorage.app"}
[debug] [2025-05-27T01:45:03.046Z] Checked if tokens are valid: true, expires at: 1748312471608
[debug] [2025-05-27T01:45:03.046Z] Checked if tokens are valid: true, expires at: 1748312471608
[debug] [2025-05-27T01:45:03.046Z] >>> [apiv2][query] GET https://runtimeconfig.googleapis.com/v1beta1/projects/churchappexpo/configs [none]
[debug] [2025-05-27T01:45:03.473Z] <<< [apiv2][status] GET https://runtimeconfig.googleapis.com/v1beta1/projects/churchappexpo/configs 200
[debug] [2025-05-27T01:45:03.474Z] <<< [apiv2][body] GET https://runtimeconfig.googleapis.com/v1beta1/projects/churchappexpo/configs {}
[debug] [2025-05-27T01:45:03.476Z] Validating nodejs source
[debug] [2025-05-27T01:45:03.847Z] > [functions] package.json contents: {
  "name": "functions",
  "scripts": {
    "lint": "eslint src",
    "build": "tsc",
    "build:watch": "tsc --watch",
    "serve": "npm run build && firebase emulators:start --only functions",
    "shell": "npm run build && firebase functions:shell",
    "start": "npm run shell",
    "deploy": "firebase deploy --only functions",
    "logs": "firebase functions:log"
  },
  "engines": {
    "node": "20"
  },
  "main": "lib/index.js",
  "dependencies": {
    "date-fns": "^2.30.0",
    "firebase-admin": "^13.4.0",
    "firebase-functions": "^6.3.2",
    "node-fetch": "^2.6.1"
  },
  "devDependencies": {
    "@types/node": "^18.11.9",
    "@types/node-fetch": "^2.6.1",
    "@typescript-eslint/eslint-plugin": "^5.12.0",
    "@typescript-eslint/parser": "^5.12.0",
    "eslint": "^8.9.0",
    "eslint-config-google": "^0.14.0",
    "eslint-plugin-import": "^2.25.4",
    "typescript": "^4.9.0"
  },
  "private": true
}
[debug] [2025-05-27T01:45:03.847Z] Building nodejs source
[info] i  functions: Loading and analyzing source code for codebase default to determine what to deploy 
[debug] [2025-05-27T01:45:03.848Z] Could not find functions.yaml. Must use http discovery
[debug] [2025-05-27T01:45:03.852Z] Found firebase-functions binary at '/Users/mungyubin/Desktop/Coding/Church/ChurchAppExpo/functions/node_modules/.bin/firebase-functions'
[info] Serving at port 8510

[error] (node:56651) [DEP0040] DeprecationWarning: The `punycode` module is deprecated. Please use a userland alternative instead.
(Use `node --trace-deprecation ...` to show where the warning was created)

[debug] [2025-05-27T01:45:04.164Z] Got response from /__/functions.yaml {"endpoints":{"sendWeeklyDevotionRanking":{"platform":"gcfv1","availableMemoryMb":null,"timeoutSeconds":null,"minInstances":null,"maxInstances":null,"ingressSettings":null,"serviceAccountEmail":null,"vpc":null,"scheduleTrigger":{"schedule":"0 22 * * 0","retryConfig":{"retryCount":null,"maxDoublings":null,"maxRetryDuration":null,"maxBackoffDuration":null,"minBackoffDuration":null},"timeZone":"Asia/Seoul"},"labels":{},"entryPoint":"sendWeeklyDevotionRanking"}},"specVersion":"v1alpha1","requiredAPIs":[{"api":"cloudscheduler.googleapis.com","reason":"Needed for scheduled functions."}],"extensions":{}}
[info] i  extensions: ensuring required API firebaseextensions.googleapis.com is enabled... 
[debug] [2025-05-27T01:45:09.181Z] Checked if tokens are valid: true, expires at: 1748312471608
[debug] [2025-05-27T01:45:09.181Z] Checked if tokens are valid: true, expires at: 1748312471608
[debug] [2025-05-27T01:45:09.181Z] >>> [apiv2][query] GET https://serviceusage.googleapis.com/v1/projects/churchappexpo/services/firebaseextensions.googleapis.com [none]
[debug] [2025-05-27T01:45:09.181Z] >>> [apiv2][(partial)header] GET https://serviceusage.googleapis.com/v1/projects/churchappexpo/services/firebaseextensions.googleapis.com x-goog-quota-user=projects/churchappexpo
[debug] [2025-05-27T01:45:10.533Z] <<< [apiv2][status] GET https://serviceusage.googleapis.com/v1/projects/churchappexpo/services/firebaseextensions.googleapis.com 200
[debug] [2025-05-27T01:45:10.533Z] <<< [apiv2][body] GET https://serviceusage.googleapis.com/v1/projects/churchappexpo/services/firebaseextensions.googleapis.com [omitted]
[info] ✔  extensions: required API firebaseextensions.googleapis.com is enabled 
[debug] [2025-05-27T01:45:10.534Z] > command requires scopes: ["email","openid","https://www.googleapis.com/auth/cloudplatformprojects.readonly","https://www.googleapis.com/auth/firebase","https://www.googleapis.com/auth/cloud-platform"]
[debug] [2025-05-27T01:45:10.534Z] > authorizing via signed-in user (rbqls6651@gmail.com)
[debug] [2025-05-27T01:45:10.534Z] [iam] checking project churchappexpo for permissions ["firebase.projects.get","firebaseextensions.instances.list"]
[debug] [2025-05-27T01:45:10.534Z] Checked if tokens are valid: true, expires at: 1748312471608
[debug] [2025-05-27T01:45:10.534Z] Checked if tokens are valid: true, expires at: 1748312471608
[debug] [2025-05-27T01:45:10.534Z] >>> [apiv2][query] POST https://cloudresourcemanager.googleapis.com/v1/projects/churchappexpo:testIamPermissions [none]
[debug] [2025-05-27T01:45:10.534Z] >>> [apiv2][(partial)header] POST https://cloudresourcemanager.googleapis.com/v1/projects/churchappexpo:testIamPermissions x-goog-quota-user=projects/churchappexpo
[debug] [2025-05-27T01:45:10.534Z] >>> [apiv2][body] POST https://cloudresourcemanager.googleapis.com/v1/projects/churchappexpo:testIamPermissions {"permissions":["firebase.projects.get","firebaseextensions.instances.list"]}
[debug] [2025-05-27T01:45:11.530Z] <<< [apiv2][status] POST https://cloudresourcemanager.googleapis.com/v1/projects/churchappexpo:testIamPermissions 200
[debug] [2025-05-27T01:45:11.531Z] <<< [apiv2][body] POST https://cloudresourcemanager.googleapis.com/v1/projects/churchappexpo:testIamPermissions {"permissions":["firebase.projects.get","firebaseextensions.instances.list"]}
[debug] [2025-05-27T01:45:11.532Z] Checked if tokens are valid: true, expires at: 1748312471608
[debug] [2025-05-27T01:45:11.532Z] Checked if tokens are valid: true, expires at: 1748312471608
[debug] [2025-05-27T01:45:11.534Z] >>> [apiv2][query] GET https://firebaseextensions.googleapis.com/v1beta/projects/churchappexpo/instances pageSize=100&pageToken=
[debug] [2025-05-27T01:45:12.823Z] <<< [apiv2][status] GET https://firebaseextensions.googleapis.com/v1beta/projects/churchappexpo/instances 200
[debug] [2025-05-27T01:45:12.825Z] <<< [apiv2][body] GET https://firebaseextensions.googleapis.com/v1beta/projects/churchappexpo/instances {}
[info] i  functions: preparing functions directory for uploading... 
[info] i  functions: packaged /Users/mungyubin/Desktop/Coding/Church/ChurchAppExpo/functions (66 KB) for uploading 
[debug] [2025-05-27T01:45:13.015Z] Checked if tokens are valid: true, expires at: 1748312471608
[debug] [2025-05-27T01:45:13.015Z] Checked if tokens are valid: true, expires at: 1748312471608
[debug] [2025-05-27T01:45:13.015Z] >>> [apiv2][query] GET https://cloudfunctions.googleapis.com/v1/projects/churchappexpo/locations/-/functions [none]
[debug] [2025-05-27T01:45:13.760Z] <<< [apiv2][status] GET https://cloudfunctions.googleapis.com/v1/projects/churchappexpo/locations/-/functions 200
[debug] [2025-05-27T01:45:13.761Z] <<< [apiv2][body] GET https://cloudfunctions.googleapis.com/v1/projects/churchappexpo/locations/-/functions {"functions":[{"name":"projects/churchappexpo/locations/us-central1/functions/sendWeeklyDevotionRanking","eventTrigger":{"eventType":"google.pubsub.topic.publish","resource":"projects/churchappexpo/topics/firebase-schedule-sendWeeklyDevotionRanking-us-central1","service":"pubsub.googleapis.com","failurePolicy":{}},"status":"ACTIVE","entryPoint":"sendWeeklyDevotionRanking","timeout":"60s","availableMemoryMb":256,"serviceAccountEmail":"churchappexpo@appspot.gserviceaccount.com","updateTime":"2025-05-27T01:40:27.741Z","versionId":"4","labels":{"deployment-tool":"cli-firebase","deployment-scheduled":"true","firebase-functions-hash":"d854e9e91666ce90752b2f39960ceba66deb13fd"},"sourceUploadUrl":"https://storage.googleapis.com/uploads-1022832859402.us-central1.cloudfunctions.appspot.com/db594bb8-4195-46f9-a6a8-d75926011d45.zip","environmentVariables":{"FIREBASE_CONFIG":"{\"projectId\":\"churchappexpo\",\"storageBucket\":\"churchappexpo.firebasestorage.app\"}","GCLOUD_PROJECT":"churchappexpo","EVENTARC_CLOUD_EVENT_SOURCE":"projects/churchappexpo/locations/us-central1/functions/sendWeeklyDevotionRanking"},"runtime":"nodejs18","maxInstances":3000,"ingressSettings":"ALLOW_ALL","buildId":"7b25a773-cb88-4905-bc4a-8460d3ef10d5","buildEnvironmentVariables":{"GOOGLE_NODE_RUN_SCRIPTS":""},"buildName":"projects/650084657232/locations/us-central1/builds/7b25a773-cb88-4905-bc4a-8460d3ef10d5","dockerRegistry":"ARTIFACT_REGISTRY","automaticUpdatePolicy":{},"buildServiceAccount":"projects/churchappexpo/serviceAccounts/650084657232-compute@developer.gserviceaccount.com","satisfiesPzi":true}]}
[debug] [2025-05-27T01:45:13.762Z] Checked if tokens are valid: true, expires at: 1748312471608
[debug] [2025-05-27T01:45:13.762Z] Checked if tokens are valid: true, expires at: 1748312471608
[debug] [2025-05-27T01:45:13.762Z] >>> [apiv2][query] GET https://cloudfunctions.googleapis.com/v2/projects/churchappexpo/locations/-/functions filter=environment%3D%22GEN_2%22
[debug] [2025-05-27T01:45:15.057Z] <<< [apiv2][status] GET https://cloudfunctions.googleapis.com/v2/projects/churchappexpo/locations/-/functions 200
[debug] [2025-05-27T01:45:15.057Z] <<< [apiv2][body] GET https://cloudfunctions.googleapis.com/v2/projects/churchappexpo/locations/-/functions {}
[info] i  functions: ensuring required API cloudscheduler.googleapis.com is enabled... 
[debug] [2025-05-27T01:45:15.060Z] Checked if tokens are valid: true, expires at: 1748312471608
[debug] [2025-05-27T01:45:15.060Z] Checked if tokens are valid: true, expires at: 1748312471608
[debug] [2025-05-27T01:45:15.060Z] >>> [apiv2][query] GET https://serviceusage.googleapis.com/v1/projects/650084657232/services/cloudscheduler.googleapis.com [none]
[debug] [2025-05-27T01:45:15.060Z] >>> [apiv2][(partial)header] GET https://serviceusage.googleapis.com/v1/projects/650084657232/services/cloudscheduler.googleapis.com x-goog-quota-user=projects/650084657232
[debug] [2025-05-27T01:45:15.480Z] <<< [apiv2][status] GET https://serviceusage.googleapis.com/v1/projects/650084657232/services/cloudscheduler.googleapis.com 200
[debug] [2025-05-27T01:45:15.480Z] <<< [apiv2][body] GET https://serviceusage.googleapis.com/v1/projects/650084657232/services/cloudscheduler.googleapis.com [omitted]
[info] ✔  functions: required API cloudscheduler.googleapis.com is enabled 
[debug] [2025-05-27T01:45:15.482Z] Checked if tokens are valid: true, expires at: 1748312471608
[debug] [2025-05-27T01:45:15.482Z] Checked if tokens are valid: true, expires at: 1748312471608
[debug] [2025-05-27T01:45:15.482Z] >>> [apiv2][query] GET https://serviceusage.googleapis.com/v1/projects/churchappexpo/services/cloudresourcemanager.googleapis.com [none]
[debug] [2025-05-27T01:45:15.482Z] >>> [apiv2][(partial)header] GET https://serviceusage.googleapis.com/v1/projects/churchappexpo/services/cloudresourcemanager.googleapis.com x-goog-quota-user=projects/churchappexpo
[debug] [2025-05-27T01:45:16.672Z] <<< [apiv2][status] GET https://serviceusage.googleapis.com/v1/projects/churchappexpo/services/cloudresourcemanager.googleapis.com 200
[debug] [2025-05-27T01:45:16.673Z] <<< [apiv2][body] GET https://serviceusage.googleapis.com/v1/projects/churchappexpo/services/cloudresourcemanager.googleapis.com [omitted]
[debug] [2025-05-27T01:45:16.673Z] Checked if tokens are valid: true, expires at: 1748312471608
[debug] [2025-05-27T01:45:16.673Z] Checked if tokens are valid: true, expires at: 1748312471608
[debug] [2025-05-27T01:45:16.673Z] >>> [apiv2][query] GET https://cloudresourcemanager.googleapis.com/v1/projects/churchappexpo [none]
[debug] [2025-05-27T01:45:17.809Z] <<< [apiv2][status] GET https://cloudresourcemanager.googleapis.com/v1/projects/churchappexpo 200
[debug] [2025-05-27T01:45:17.809Z] <<< [apiv2][body] GET https://cloudresourcemanager.googleapis.com/v1/projects/churchappexpo {"projectNumber":"650084657232","projectId":"churchappexpo","lifecycleState":"ACTIVE","name":"ChurchAppExpo","labels":{"firebase":"enabled","firebase-core":"disabled"},"createTime":"2025-05-07T05:04:32.600502Z"}
[debug] [2025-05-27T01:45:17.810Z] Checked if tokens are valid: true, expires at: 1748312471608
[debug] [2025-05-27T01:45:17.810Z] Checked if tokens are valid: true, expires at: 1748312471608
[debug] [2025-05-27T01:45:17.810Z] >>> [apiv2][query] GET https://cloudbilling.googleapis.com/v1/projects/churchappexpo/billingInfo [none]
[debug] [2025-05-27T01:45:18.949Z] <<< [apiv2][status] GET https://cloudbilling.googleapis.com/v1/projects/churchappexpo/billingInfo 200
[debug] [2025-05-27T01:45:18.949Z] <<< [apiv2][body] GET https://cloudbilling.googleapis.com/v1/projects/churchappexpo/billingInfo {"name":"projects/churchappexpo/billingInfo","projectId":"churchappexpo","billingAccountName":"billingAccounts/0139DA-ED76EA-07FC3B","billingEnabled":true}
[debug] [2025-05-27T01:45:18.952Z] Checked if tokens are valid: true, expires at: 1748312471608
[debug] [2025-05-27T01:45:18.952Z] Checked if tokens are valid: true, expires at: 1748312471608
[debug] [2025-05-27T01:45:18.952Z] >>> [apiv2][query] POST https://cloudfunctions.googleapis.com/v1/projects/churchappexpo/locations/us-central1/functions:generateUploadUrl [none]
[debug] [2025-05-27T01:45:18.952Z] >>> [apiv2][body] POST https://cloudfunctions.googleapis.com/v1/projects/churchappexpo/locations/us-central1/functions:generateUploadUrl {}
[debug] [2025-05-27T01:45:19.629Z] <<< [apiv2][status] POST https://cloudfunctions.googleapis.com/v1/projects/churchappexpo/locations/us-central1/functions:generateUploadUrl 200
[debug] [2025-05-27T01:45:19.629Z] <<< [apiv2][body] POST https://cloudfunctions.googleapis.com/v1/projects/churchappexpo/locations/us-central1/functions:generateUploadUrl {"uploadUrl":"https://storage.googleapis.com/uploads-1022832859402.us-central1.cloudfunctions.appspot.com/9ffd13ad-e975-4037-8f7c-deb86ba7d8e9.zip?GoogleAccessId=service-650084657232@gcf-admin-robot.iam.gserviceaccount.com&Expires=1748312119&Signature=W5TaGtabIkfulwjdMdt3CwKyySTSulzfixv1qj3L23ogHxdagxvsZZab8gHd06TXepuITzbvjR74lC8pjan6jCyGFXVgPMHPZWL614kyGda6hhQDA%2FCsN3iTn9EJdIdR8oo0igucs43dXRwqVzG%2F8frcF97dJt%2FyMOcBixYuZmvassv0b3PvjLy9mKGSXwWxstfDXjgesrllhympbGH8XmBe597QlTCfpYMfifBAVa9HjNt%2BRCWhSRKlDG2mdQdArUF8ylyMsqwKmOyZXYntKH5Tu9sguGiBBlDJ%2FXVlR3hqT6TuEgMhFbe4iGjHKCtdNjlkzwvcgn%2Bqn9ugaHU7xA%3D%3D"}
[debug] [2025-05-27T01:45:19.630Z] >>> [apiv2][query] PUT https://storage.googleapis.com/uploads-1022832859402.us-central1.cloudfunctions.appspot.com/9ffd13ad-e975-4037-8f7c-deb86ba7d8e9.zip GoogleAccessId=service-650084657232%40gcf-admin-robot.iam.gserviceaccount.com&Expires=1748312119&Signature=W5TaGtabIkfulwjdMdt3CwKyySTSulzfixv1qj3L23ogHxdagxvsZZab8gHd06TXepuITzbvjR74lC8pjan6jCyGFXVgPMHPZWL614kyGda6hhQDA%2FCsN3iTn9EJdIdR8oo0igucs43dXRwqVzG%2F8frcF97dJt%2FyMOcBixYuZmvassv0b3PvjLy9mKGSXwWxstfDXjgesrllhympbGH8XmBe597QlTCfpYMfifBAVa9HjNt%2BRCWhSRKlDG2mdQdArUF8ylyMsqwKmOyZXYntKH5Tu9sguGiBBlDJ%2FXVlR3hqT6TuEgMhFbe4iGjHKCtdNjlkzwvcgn%2Bqn9ugaHU7xA%3D%3D
[debug] [2025-05-27T01:45:19.631Z] >>> [apiv2][body] PUT https://storage.googleapis.com/uploads-1022832859402.us-central1.cloudfunctions.appspot.com/9ffd13ad-e975-4037-8f7c-deb86ba7d8e9.zip [stream]
[debug] [2025-05-27T01:45:20.599Z] <<< [apiv2][status] PUT https://storage.googleapis.com/uploads-1022832859402.us-central1.cloudfunctions.appspot.com/9ffd13ad-e975-4037-8f7c-deb86ba7d8e9.zip 200
[debug] [2025-05-27T01:45:20.600Z] <<< [apiv2][body] PUT https://storage.googleapis.com/uploads-1022832859402.us-central1.cloudfunctions.appspot.com/9ffd13ad-e975-4037-8f7c-deb86ba7d8e9.zip [omitted]
[info] ✔  functions: functions folder uploaded successfully 
[info] i  functions: updating Node.js 20 (1st Gen) function sendWeeklyDevotionRanking(us-central1)... 
[debug] [2025-05-27T01:45:20.607Z] Checked if tokens are valid: true, expires at: 1748312471608
[debug] [2025-05-27T01:45:20.607Z] Checked if tokens are valid: true, expires at: 1748312471608
[debug] [2025-05-27T01:45:20.607Z] >>> [apiv2][query] PATCH https://cloudfunctions.googleapis.com/v1/projects/churchappexpo/locations/us-central1/functions/sendWeeklyDevotionRanking updateMask=name%2CsourceUploadUrl%2CentryPoint%2Cruntime%2CdockerRegistry%2Clabels%2CeventTrigger.eventType%2CeventTrigger.resource%2CminInstances%2CmaxInstances%2CingressSettings%2CenvironmentVariables%2CserviceAccountEmail%2CavailableMemoryMb%2Ctimeout%2CvpcConnector%2CvpcConnectorEgressSettings%2CsourceToken%2CbuildEnvironmentVariables
[debug] [2025-05-27T01:45:20.607Z] >>> [apiv2][body] PATCH https://cloudfunctions.googleapis.com/v1/projects/churchappexpo/locations/us-central1/functions/sendWeeklyDevotionRanking {"name":"projects/churchappexpo/locations/us-central1/functions/sendWeeklyDevotionRanking","sourceUploadUrl":"https://storage.googleapis.com/uploads-1022832859402.us-central1.cloudfunctions.appspot.com/9ffd13ad-e975-4037-8f7c-deb86ba7d8e9.zip?GoogleAccessId=service-650084657232@gcf-admin-robot.iam.gserviceaccount.com&Expires=1748312119&Signature=W5TaGtabIkfulwjdMdt3CwKyySTSulzfixv1qj3L23ogHxdagxvsZZab8gHd06TXepuITzbvjR74lC8pjan6jCyGFXVgPMHPZWL614kyGda6hhQDA%2FCsN3iTn9EJdIdR8oo0igucs43dXRwqVzG%2F8frcF97dJt%2FyMOcBixYuZmvassv0b3PvjLy9mKGSXwWxstfDXjgesrllhympbGH8XmBe597QlTCfpYMfifBAVa9HjNt%2BRCWhSRKlDG2mdQdArUF8ylyMsqwKmOyZXYntKH5Tu9sguGiBBlDJ%2FXVlR3hqT6TuEgMhFbe4iGjHKCtdNjlkzwvcgn%2Bqn9ugaHU7xA%3D%3D","entryPoint":"sendWeeklyDevotionRanking","runtime":"nodejs20","dockerRegistry":"ARTIFACT_REGISTRY","labels":{"deployment-tool":"cli-firebase","deployment-scheduled":"true","firebase-functions-hash":"2cf55b7c5a59ba51ae5b73ecb8b7c1f95497720f"},"eventTrigger":{"eventType":"google.pubsub.topic.publish","resource":"projects/churchappexpo/topics/firebase-schedule-sendWeeklyDevotionRanking-us-central1"},"minInstances":null,"maxInstances":null,"ingressSettings":null,"environmentVariables":{"FIREBASE_CONFIG":"{\"projectId\":\"churchappexpo\",\"storageBucket\":\"churchappexpo.firebasestorage.app\"}","GCLOUD_PROJECT":"churchappexpo","EVENTARC_CLOUD_EVENT_SOURCE":"projects/churchappexpo/locations/us-central1/functions/sendWeeklyDevotionRanking"},"serviceAccountEmail":null,"availableMemoryMb":null,"timeout":null,"vpcConnector":null,"vpcConnectorEgressSettings":null,"buildEnvironmentVariables":{"GOOGLE_NODE_RUN_SCRIPTS":""}}
[debug] [2025-05-27T01:45:22.262Z] <<< [apiv2][status] PATCH https://cloudfunctions.googleapis.com/v1/projects/churchappexpo/locations/us-central1/functions/sendWeeklyDevotionRanking 200
[debug] [2025-05-27T01:45:22.262Z] <<< [apiv2][body] PATCH https://cloudfunctions.googleapis.com/v1/projects/churchappexpo/locations/us-central1/functions/sendWeeklyDevotionRanking {"name":"operations/Y2h1cmNoYXBwZXhwby91cy1jZW50cmFsMS9zZW5kV2Vla2x5RGV2b3Rpb25SYW5raW5nL2E2dWU3WEJNSUNn","metadata":{"@type":"type.googleapis.com/google.cloud.functions.v1.OperationMetadataV1","target":"projects/churchappexpo/locations/us-central1/functions/sendWeeklyDevotionRanking","type":"UPDATE_FUNCTION","request":{"@type":"type.googleapis.com/google.cloud.functions.v1.CloudFunction","name":"projects/churchappexpo/locations/us-central1/functions/sendWeeklyDevotionRanking","eventTrigger":{"eventType":"google.pubsub.topic.publish","resource":"projects/churchappexpo/topics/firebase-schedule-sendWeeklyDevotionRanking-us-central1","service":"pubsub.googleapis.com","failurePolicy":{}},"status":"ACTIVE","entryPoint":"sendWeeklyDevotionRanking","updateTime":"2025-05-27T01:40:27.741Z","versionId":"4","labels":{"deployment-tool":"cli-firebase","deployment-scheduled":"true","firebase-functions-hash":"2cf55b7c5a59ba51ae5b73ecb8b7c1f95497720f"},"sourceUploadUrl":"https://storage.googleapis.com/uploads-1022832859402.us-central1.cloudfunctions.appspot.com/9ffd13ad-e975-4037-8f7c-deb86ba7d8e9.zip?GoogleAccessId=service-650084657232@gcf-admin-robot.iam.gserviceaccount.com&Expires=1748312119&Signature=W5TaGtabIkfulwjdMdt3CwKyySTSulzfixv1qj3L23ogHxdagxvsZZab8gHd06TXepuITzbvjR74lC8pjan6jCyGFXVgPMHPZWL614kyGda6hhQDA%2FCsN3iTn9EJdIdR8oo0igucs43dXRwqVzG%2F8frcF97dJt%2FyMOcBixYuZmvassv0b3PvjLy9mKGSXwWxstfDXjgesrllhympbGH8XmBe597QlTCfpYMfifBAVa9HjNt%2BRCWhSRKlDG2mdQdArUF8ylyMsqwKmOyZXYntKH5Tu9sguGiBBlDJ%2FXVlR3hqT6TuEgMhFbe4iGjHKCtdNjlkzwvcgn%2Bqn9ugaHU7xA%3D%3D","environmentVariables":{"FIREBASE_CONFIG":"{\"projectId\":\"churchappexpo\",\"storageBucket\":\"churchappexpo.firebasestorage.app\"}","GCLOUD_PROJECT":"churchappexpo","EVENTARC_CLOUD_EVENT_SOURCE":"projects/churchappexpo/locations/us-central1/functions/sendWeeklyDevotionRanking"},"runtime":"nodejs20","buildId":"7b25a773-cb88-4905-bc4a-8460d3ef10d5","buildEnvironmentVariables":{"GOOGLE_NODE_RUN_SCRIPTS":""},"buildName":"projects/650084657232/locations/us-central1/builds/7b25a773-cb88-4905-bc4a-8460d3ef10d5","dockerRegistry":"ARTIFACT_REGISTRY","automaticUpdatePolicy":{},"buildServiceAccount":"projects/churchappexpo/serviceAccounts/650084657232-compute@developer.gserviceaccount.com"},"versionId":"5","updateTime":"2025-05-27T01:45:22Z"}}
[debug] [2025-05-27T01:45:22.262Z] Checked if tokens are valid: true, expires at: 1748312471608
[debug] [2025-05-27T01:45:22.262Z] Checked if tokens are valid: true, expires at: 1748312471608
[debug] [2025-05-27T01:45:22.262Z] >>> [apiv2][query] GET https://cloudfunctions.googleapis.com/v1/operations/Y2h1cmNoYXBwZXhwby91cy1jZW50cmFsMS9zZW5kV2Vla2x5RGV2b3Rpb25SYW5raW5nL2E2dWU3WEJNSUNn [none]
[debug] [2025-05-27T01:45:22.616Z] <<< [apiv2][status] GET https://cloudfunctions.googleapis.com/v1/operations/Y2h1cmNoYXBwZXhwby91cy1jZW50cmFsMS9zZW5kV2Vla2x5RGV2b3Rpb25SYW5raW5nL2E2dWU3WEJNSUNn 200
[debug] [2025-05-27T01:45:22.616Z] <<< [apiv2][body] GET https://cloudfunctions.googleapis.com/v1/operations/Y2h1cmNoYXBwZXhwby91cy1jZW50cmFsMS9zZW5kV2Vla2x5RGV2b3Rpb25SYW5raW5nL2E2dWU3WEJNSUNn {"name":"operations/Y2h1cmNoYXBwZXhwby91cy1jZW50cmFsMS9zZW5kV2Vla2x5RGV2b3Rpb25SYW5raW5nL2E2dWU3WEJNSUNn","metadata":{"@type":"type.googleapis.com/google.cloud.functions.v1.OperationMetadataV1","target":"projects/churchappexpo/locations/us-central1/functions/sendWeeklyDevotionRanking","type":"UPDATE_FUNCTION","request":{"@type":"type.googleapis.com/google.cloud.functions.v1.CloudFunction","name":"projects/churchappexpo/locations/us-central1/functions/sendWeeklyDevotionRanking","eventTrigger":{"eventType":"google.pubsub.topic.publish","resource":"projects/churchappexpo/topics/firebase-schedule-sendWeeklyDevotionRanking-us-central1","service":"pubsub.googleapis.com","failurePolicy":{}},"status":"ACTIVE","entryPoint":"sendWeeklyDevotionRanking","updateTime":"2025-05-27T01:40:27.741Z","versionId":"4","labels":{"deployment-tool":"cli-firebase","deployment-scheduled":"true","firebase-functions-hash":"2cf55b7c5a59ba51ae5b73ecb8b7c1f95497720f"},"sourceUploadUrl":"https://storage.googleapis.com/uploads-1022832859402.us-central1.cloudfunctions.appspot.com/9ffd13ad-e975-4037-8f7c-deb86ba7d8e9.zip?GoogleAccessId=service-650084657232@gcf-admin-robot.iam.gserviceaccount.com&Expires=1748312119&Signature=W5TaGtabIkfulwjdMdt3CwKyySTSulzfixv1qj3L23ogHxdagxvsZZab8gHd06TXepuITzbvjR74lC8pjan6jCyGFXVgPMHPZWL614kyGda6hhQDA%2FCsN3iTn9EJdIdR8oo0igucs43dXRwqVzG%2F8frcF97dJt%2FyMOcBixYuZmvassv0b3PvjLy9mKGSXwWxstfDXjgesrllhympbGH8XmBe597QlTCfpYMfifBAVa9HjNt%2BRCWhSRKlDG2mdQdArUF8ylyMsqwKmOyZXYntKH5Tu9sguGiBBlDJ%2FXVlR3hqT6TuEgMhFbe4iGjHKCtdNjlkzwvcgn%2Bqn9ugaHU7xA%3D%3D","environmentVariables":{"FIREBASE_CONFIG":"{\"projectId\":\"churchappexpo\",\"storageBucket\":\"churchappexpo.firebasestorage.app\"}","GCLOUD_PROJECT":"churchappexpo","EVENTARC_CLOUD_EVENT_SOURCE":"projects/churchappexpo/locations/us-central1/functions/sendWeeklyDevotionRanking"},"runtime":"nodejs20","buildId":"7b25a773-cb88-4905-bc4a-8460d3ef10d5","buildEnvironmentVariables":{"GOOGLE_NODE_RUN_SCRIPTS":""},"buildName":"projects/650084657232/locations/us-central1/builds/7b25a773-cb88-4905-bc4a-8460d3ef10d5","dockerRegistry":"ARTIFACT_REGISTRY","automaticUpdatePolicy":{},"buildServiceAccount":"projects/churchappexpo/serviceAccounts/650084657232-compute@developer.gserviceaccount.com"},"versionId":"5","updateTime":"2025-05-27T01:45:22Z"}}
[debug] [2025-05-27T01:45:23.118Z] [update-default-us-central1-sendWeeklyDevotionRanking] Retrying task index 0
[debug] [2025-05-27T01:45:23.119Z] Checked if tokens are valid: true, expires at: 1748312471608
[debug] [2025-05-27T01:45:23.119Z] Checked if tokens are valid: true, expires at: 1748312471608
[debug] [2025-05-27T01:45:23.119Z] >>> [apiv2][query] GET https://cloudfunctions.googleapis.com/v1/operations/Y2h1cmNoYXBwZXhwby91cy1jZW50cmFsMS9zZW5kV2Vla2x5RGV2b3Rpb25SYW5raW5nL2E2dWU3WEJNSUNn [none]
[debug] [2025-05-27T01:45:23.623Z] <<< [apiv2][status] GET https://cloudfunctions.googleapis.com/v1/operations/Y2h1cmNoYXBwZXhwby91cy1jZW50cmFsMS9zZW5kV2Vla2x5RGV2b3Rpb25SYW5raW5nL2E2dWU3WEJNSUNn 200
[debug] [2025-05-27T01:45:23.623Z] <<< [apiv2][body] GET https://cloudfunctions.googleapis.com/v1/operations/Y2h1cmNoYXBwZXhwby91cy1jZW50cmFsMS9zZW5kV2Vla2x5RGV2b3Rpb25SYW5raW5nL2E2dWU3WEJNSUNn {"name":"operations/Y2h1cmNoYXBwZXhwby91cy1jZW50cmFsMS9zZW5kV2Vla2x5RGV2b3Rpb25SYW5raW5nL2E2dWU3WEJNSUNn","metadata":{"@type":"type.googleapis.com/google.cloud.functions.v1.OperationMetadataV1","target":"projects/churchappexpo/locations/us-central1/functions/sendWeeklyDevotionRanking","type":"UPDATE_FUNCTION","request":{"@type":"type.googleapis.com/google.cloud.functions.v1.CloudFunction","name":"projects/churchappexpo/locations/us-central1/functions/sendWeeklyDevotionRanking","eventTrigger":{"eventType":"google.pubsub.topic.publish","resource":"projects/churchappexpo/topics/firebase-schedule-sendWeeklyDevotionRanking-us-central1","service":"pubsub.googleapis.com","failurePolicy":{}},"status":"ACTIVE","entryPoint":"sendWeeklyDevotionRanking","updateTime":"2025-05-27T01:40:27.741Z","versionId":"4","labels":{"deployment-tool":"cli-firebase","deployment-scheduled":"true","firebase-functions-hash":"2cf55b7c5a59ba51ae5b73ecb8b7c1f95497720f"},"sourceUploadUrl":"https://storage.googleapis.com/uploads-1022832859402.us-central1.cloudfunctions.appspot.com/9ffd13ad-e975-4037-8f7c-deb86ba7d8e9.zip?GoogleAccessId=service-650084657232@gcf-admin-robot.iam.gserviceaccount.com&Expires=1748312119&Signature=W5TaGtabIkfulwjdMdt3CwKyySTSulzfixv1qj3L23ogHxdagxvsZZab8gHd06TXepuITzbvjR74lC8pjan6jCyGFXVgPMHPZWL614kyGda6hhQDA%2FCsN3iTn9EJdIdR8oo0igucs43dXRwqVzG%2F8frcF97dJt%2FyMOcBixYuZmvassv0b3PvjLy9mKGSXwWxstfDXjgesrllhympbGH8XmBe597QlTCfpYMfifBAVa9HjNt%2BRCWhSRKlDG2mdQdArUF8ylyMsqwKmOyZXYntKH5Tu9sguGiBBlDJ%2FXVlR3hqT6TuEgMhFbe4iGjHKCtdNjlkzwvcgn%2Bqn9ugaHU7xA%3D%3D","environmentVariables":{"FIREBASE_CONFIG":"{\"projectId\":\"churchappexpo\",\"storageBucket\":\"churchappexpo.firebasestorage.app\"}","GCLOUD_PROJECT":"churchappexpo","EVENTARC_CLOUD_EVENT_SOURCE":"projects/churchappexpo/locations/us-central1/functions/sendWeeklyDevotionRanking"},"runtime":"nodejs20","buildId":"7b25a773-cb88-4905-bc4a-8460d3ef10d5","buildEnvironmentVariables":{"GOOGLE_NODE_RUN_SCRIPTS":""},"buildName":"projects/650084657232/locations/us-central1/builds/7b25a773-cb88-4905-bc4a-8460d3ef10d5","dockerRegistry":"ARTIFACT_REGISTRY","automaticUpdatePolicy":{},"buildServiceAccount":"projects/churchappexpo/serviceAccounts/650084657232-compute@developer.gserviceaccount.com"},"versionId":"5","updateTime":"2025-05-27T01:45:22Z","buildId":"d95179fe-e27a-4b42-9b4f-d5e7b465e133","buildName":"projects/650084657232/locations/us-central1/builds/d95179fe-e27a-4b42-9b4f-d5e7b465e133"}}
[debug] [2025-05-27T01:45:24.625Z] [update-default-us-central1-sendWeeklyDevotionRanking] Retrying task index 0
[debug] [2025-05-27T01:45:24.625Z] Checked if tokens are valid: true, expires at: 1748312471608
[debug] [2025-05-27T01:45:24.625Z] Checked if tokens are valid: true, expires at: 1748312471608
[debug] [2025-05-27T01:45:24.625Z] >>> [apiv2][query] GET https://cloudfunctions.googleapis.com/v1/operations/Y2h1cmNoYXBwZXhwby91cy1jZW50cmFsMS9zZW5kV2Vla2x5RGV2b3Rpb25SYW5raW5nL2E2dWU3WEJNSUNn [none]
[debug] [2025-05-27T01:45:25.061Z] <<< [apiv2][status] GET https://cloudfunctions.googleapis.com/v1/operations/Y2h1cmNoYXBwZXhwby91cy1jZW50cmFsMS9zZW5kV2Vla2x5RGV2b3Rpb25SYW5raW5nL2E2dWU3WEJNSUNn 200
[debug] [2025-05-27T01:45:25.061Z] <<< [apiv2][body] GET https://cloudfunctions.googleapis.com/v1/operations/Y2h1cmNoYXBwZXhwby91cy1jZW50cmFsMS9zZW5kV2Vla2x5RGV2b3Rpb25SYW5raW5nL2E2dWU3WEJNSUNn {"name":"operations/Y2h1cmNoYXBwZXhwby91cy1jZW50cmFsMS9zZW5kV2Vla2x5RGV2b3Rpb25SYW5raW5nL2E2dWU3WEJNSUNn","metadata":{"@type":"type.googleapis.com/google.cloud.functions.v1.OperationMetadataV1","target":"projects/churchappexpo/locations/us-central1/functions/sendWeeklyDevotionRanking","type":"UPDATE_FUNCTION","request":{"@type":"type.googleapis.com/google.cloud.functions.v1.CloudFunction","name":"projects/churchappexpo/locations/us-central1/functions/sendWeeklyDevotionRanking","eventTrigger":{"eventType":"google.pubsub.topic.publish","resource":"projects/churchappexpo/topics/firebase-schedule-sendWeeklyDevotionRanking-us-central1","service":"pubsub.googleapis.com","failurePolicy":{}},"status":"ACTIVE","entryPoint":"sendWeeklyDevotionRanking","updateTime":"2025-05-27T01:40:27.741Z","versionId":"4","labels":{"deployment-tool":"cli-firebase","deployment-scheduled":"true","firebase-functions-hash":"2cf55b7c5a59ba51ae5b73ecb8b7c1f95497720f"},"sourceUploadUrl":"https://storage.googleapis.com/uploads-1022832859402.us-central1.cloudfunctions.appspot.com/9ffd13ad-e975-4037-8f7c-deb86ba7d8e9.zip?GoogleAccessId=service-650084657232@gcf-admin-robot.iam.gserviceaccount.com&Expires=1748312119&Signature=W5TaGtabIkfulwjdMdt3CwKyySTSulzfixv1qj3L23ogHxdagxvsZZab8gHd06TXepuITzbvjR74lC8pjan6jCyGFXVgPMHPZWL614kyGda6hhQDA%2FCsN3iTn9EJdIdR8oo0igucs43dXRwqVzG%2F8frcF97dJt%2FyMOcBixYuZmvassv0b3PvjLy9mKGSXwWxstfDXjgesrllhympbGH8XmBe597QlTCfpYMfifBAVa9HjNt%2BRCWhSRKlDG2mdQdArUF8ylyMsqwKmOyZXYntKH5Tu9sguGiBBlDJ%2FXVlR3hqT6TuEgMhFbe4iGjHKCtdNjlkzwvcgn%2Bqn9ugaHU7xA%3D%3D","environmentVariables":{"FIREBASE_CONFIG":"{\"projectId\":\"churchappexpo\",\"storageBucket\":\"churchappexpo.firebasestorage.app\"}","GCLOUD_PROJECT":"churchappexpo","EVENTARC_CLOUD_EVENT_SOURCE":"projects/churchappexpo/locations/us-central1/functions/sendWeeklyDevotionRanking"},"runtime":"nodejs20","buildId":"7b25a773-cb88-4905-bc4a-8460d3ef10d5","buildEnvironmentVariables":{"GOOGLE_NODE_RUN_SCRIPTS":""},"buildName":"projects/650084657232/locations/us-central1/builds/7b25a773-cb88-4905-bc4a-8460d3ef10d5","dockerRegistry":"ARTIFACT_REGISTRY","automaticUpdatePolicy":{},"buildServiceAccount":"projects/churchappexpo/serviceAccounts/650084657232-compute@developer.gserviceaccount.com"},"versionId":"5","updateTime":"2025-05-27T01:45:22Z","buildId":"d95179fe-e27a-4b42-9b4f-d5e7b465e133","buildName":"projects/650084657232/locations/us-central1/builds/d95179fe-e27a-4b42-9b4f-d5e7b465e133"}}
[debug] [2025-05-27T01:45:27.063Z] [update-default-us-central1-sendWeeklyDevotionRanking] Retrying task index 0
[debug] [2025-05-27T01:45:27.063Z] Checked if tokens are valid: true, expires at: 1748312471608
[debug] [2025-05-27T01:45:27.063Z] Checked if tokens are valid: true, expires at: 1748312471608
[debug] [2025-05-27T01:45:27.063Z] >>> [apiv2][query] GET https://cloudfunctions.googleapis.com/v1/operations/Y2h1cmNoYXBwZXhwby91cy1jZW50cmFsMS9zZW5kV2Vla2x5RGV2b3Rpb25SYW5raW5nL2E2dWU3WEJNSUNn [none]
[debug] [2025-05-27T01:45:27.506Z] <<< [apiv2][status] GET https://cloudfunctions.googleapis.com/v1/operations/Y2h1cmNoYXBwZXhwby91cy1jZW50cmFsMS9zZW5kV2Vla2x5RGV2b3Rpb25SYW5raW5nL2E2dWU3WEJNSUNn 200
[debug] [2025-05-27T01:45:27.506Z] <<< [apiv2][body] GET https://cloudfunctions.googleapis.com/v1/operations/Y2h1cmNoYXBwZXhwby91cy1jZW50cmFsMS9zZW5kV2Vla2x5RGV2b3Rpb25SYW5raW5nL2E2dWU3WEJNSUNn {"name":"operations/Y2h1cmNoYXBwZXhwby91cy1jZW50cmFsMS9zZW5kV2Vla2x5RGV2b3Rpb25SYW5raW5nL2E2dWU3WEJNSUNn","metadata":{"@type":"type.googleapis.com/google.cloud.functions.v1.OperationMetadataV1","target":"projects/churchappexpo/locations/us-central1/functions/sendWeeklyDevotionRanking","type":"UPDATE_FUNCTION","request":{"@type":"type.googleapis.com/google.cloud.functions.v1.CloudFunction","name":"projects/churchappexpo/locations/us-central1/functions/sendWeeklyDevotionRanking","eventTrigger":{"eventType":"google.pubsub.topic.publish","resource":"projects/churchappexpo/topics/firebase-schedule-sendWeeklyDevotionRanking-us-central1","service":"pubsub.googleapis.com","failurePolicy":{}},"status":"ACTIVE","entryPoint":"sendWeeklyDevotionRanking","updateTime":"2025-05-27T01:40:27.741Z","versionId":"4","labels":{"deployment-tool":"cli-firebase","deployment-scheduled":"true","firebase-functions-hash":"2cf55b7c5a59ba51ae5b73ecb8b7c1f95497720f"},"sourceUploadUrl":"https://storage.googleapis.com/uploads-1022832859402.us-central1.cloudfunctions.appspot.com/9ffd13ad-e975-4037-8f7c-deb86ba7d8e9.zip?GoogleAccessId=service-650084657232@gcf-admin-robot.iam.gserviceaccount.com&Expires=1748312119&Signature=W5TaGtabIkfulwjdMdt3CwKyySTSulzfixv1qj3L23ogHxdagxvsZZab8gHd06TXepuITzbvjR74lC8pjan6jCyGFXVgPMHPZWL614kyGda6hhQDA%2FCsN3iTn9EJdIdR8oo0igucs43dXRwqVzG%2F8frcF97dJt%2FyMOcBixYuZmvassv0b3PvjLy9mKGSXwWxstfDXjgesrllhympbGH8XmBe597QlTCfpYMfifBAVa9HjNt%2BRCWhSRKlDG2mdQdArUF8ylyMsqwKmOyZXYntKH5Tu9sguGiBBlDJ%2FXVlR3hqT6TuEgMhFbe4iGjHKCtdNjlkzwvcgn%2Bqn9ugaHU7xA%3D%3D","environmentVariables":{"FIREBASE_CONFIG":"{\"projectId\":\"churchappexpo\",\"storageBucket\":\"churchappexpo.firebasestorage.app\"}","GCLOUD_PROJECT":"churchappexpo","EVENTARC_CLOUD_EVENT_SOURCE":"projects/churchappexpo/locations/us-central1/functions/sendWeeklyDevotionRanking"},"runtime":"nodejs20","buildId":"7b25a773-cb88-4905-bc4a-8460d3ef10d5","buildEnvironmentVariables":{"GOOGLE_NODE_RUN_SCRIPTS":""},"buildName":"projects/650084657232/locations/us-central1/builds/7b25a773-cb88-4905-bc4a-8460d3ef10d5","dockerRegistry":"ARTIFACT_REGISTRY","automaticUpdatePolicy":{},"buildServiceAccount":"projects/churchappexpo/serviceAccounts/650084657232-compute@developer.gserviceaccount.com"},"versionId":"5","updateTime":"2025-05-27T01:45:22Z","buildId":"d95179fe-e27a-4b42-9b4f-d5e7b465e133","buildName":"projects/650084657232/locations/us-central1/builds/d95179fe-e27a-4b42-9b4f-d5e7b465e133"}}
[debug] [2025-05-27T01:45:31.508Z] [update-default-us-central1-sendWeeklyDevotionRanking] Retrying task index 0
[debug] [2025-05-27T01:45:31.508Z] Checked if tokens are valid: true, expires at: 1748312471608
[debug] [2025-05-27T01:45:31.508Z] Checked if tokens are valid: true, expires at: 1748312471608
[debug] [2025-05-27T01:45:31.509Z] >>> [apiv2][query] GET https://cloudfunctions.googleapis.com/v1/operations/Y2h1cmNoYXBwZXhwby91cy1jZW50cmFsMS9zZW5kV2Vla2x5RGV2b3Rpb25SYW5raW5nL2E2dWU3WEJNSUNn [none]
[debug] [2025-05-27T01:45:31.865Z] <<< [apiv2][status] GET https://cloudfunctions.googleapis.com/v1/operations/Y2h1cmNoYXBwZXhwby91cy1jZW50cmFsMS9zZW5kV2Vla2x5RGV2b3Rpb25SYW5raW5nL2E2dWU3WEJNSUNn 200
[debug] [2025-05-27T01:45:31.865Z] <<< [apiv2][body] GET https://cloudfunctions.googleapis.com/v1/operations/Y2h1cmNoYXBwZXhwby91cy1jZW50cmFsMS9zZW5kV2Vla2x5RGV2b3Rpb25SYW5raW5nL2E2dWU3WEJNSUNn {"name":"operations/Y2h1cmNoYXBwZXhwby91cy1jZW50cmFsMS9zZW5kV2Vla2x5RGV2b3Rpb25SYW5raW5nL2E2dWU3WEJNSUNn","metadata":{"@type":"type.googleapis.com/google.cloud.functions.v1.OperationMetadataV1","target":"projects/churchappexpo/locations/us-central1/functions/sendWeeklyDevotionRanking","type":"UPDATE_FUNCTION","request":{"@type":"type.googleapis.com/google.cloud.functions.v1.CloudFunction","name":"projects/churchappexpo/locations/us-central1/functions/sendWeeklyDevotionRanking","eventTrigger":{"eventType":"google.pubsub.topic.publish","resource":"projects/churchappexpo/topics/firebase-schedule-sendWeeklyDevotionRanking-us-central1","service":"pubsub.googleapis.com","failurePolicy":{}},"status":"ACTIVE","entryPoint":"sendWeeklyDevotionRanking","updateTime":"2025-05-27T01:40:27.741Z","versionId":"4","labels":{"deployment-tool":"cli-firebase","deployment-scheduled":"true","firebase-functions-hash":"2cf55b7c5a59ba51ae5b73ecb8b7c1f95497720f"},"sourceUploadUrl":"https://storage.googleapis.com/uploads-1022832859402.us-central1.cloudfunctions.appspot.com/9ffd13ad-e975-4037-8f7c-deb86ba7d8e9.zip?GoogleAccessId=service-650084657232@gcf-admin-robot.iam.gserviceaccount.com&Expires=1748312119&Signature=W5TaGtabIkfulwjdMdt3CwKyySTSulzfixv1qj3L23ogHxdagxvsZZab8gHd06TXepuITzbvjR74lC8pjan6jCyGFXVgPMHPZWL614kyGda6hhQDA%2FCsN3iTn9EJdIdR8oo0igucs43dXRwqVzG%2F8frcF97dJt%2FyMOcBixYuZmvassv0b3PvjLy9mKGSXwWxstfDXjgesrllhympbGH8XmBe597QlTCfpYMfifBAVa9HjNt%2BRCWhSRKlDG2mdQdArUF8ylyMsqwKmOyZXYntKH5Tu9sguGiBBlDJ%2FXVlR3hqT6TuEgMhFbe4iGjHKCtdNjlkzwvcgn%2Bqn9ugaHU7xA%3D%3D","environmentVariables":{"FIREBASE_CONFIG":"{\"projectId\":\"churchappexpo\",\"storageBucket\":\"churchappexpo.firebasestorage.app\"}","GCLOUD_PROJECT":"churchappexpo","EVENTARC_CLOUD_EVENT_SOURCE":"projects/churchappexpo/locations/us-central1/functions/sendWeeklyDevotionRanking"},"runtime":"nodejs20","buildId":"7b25a773-cb88-4905-bc4a-8460d3ef10d5","buildEnvironmentVariables":{"GOOGLE_NODE_RUN_SCRIPTS":""},"buildName":"projects/650084657232/locations/us-central1/builds/7b25a773-cb88-4905-bc4a-8460d3ef10d5","dockerRegistry":"ARTIFACT_REGISTRY","automaticUpdatePolicy":{},"buildServiceAccount":"projects/churchappexpo/serviceAccounts/650084657232-compute@developer.gserviceaccount.com"},"versionId":"5","updateTime":"2025-05-27T01:45:22Z","buildId":"d95179fe-e27a-4b42-9b4f-d5e7b465e133","buildName":"projects/650084657232/locations/us-central1/builds/d95179fe-e27a-4b42-9b4f-d5e7b465e133"}}
[debug] [2025-05-27T01:45:39.866Z] [update-default-us-central1-sendWeeklyDevotionRanking] Retrying task index 0
[debug] [2025-05-27T01:45:39.867Z] Checked if tokens are valid: true, expires at: 1748312471608
[debug] [2025-05-27T01:45:39.867Z] Checked if tokens are valid: true, expires at: 1748312471608
[debug] [2025-05-27T01:45:39.867Z] >>> [apiv2][query] GET https://cloudfunctions.googleapis.com/v1/operations/Y2h1cmNoYXBwZXhwby91cy1jZW50cmFsMS9zZW5kV2Vla2x5RGV2b3Rpb25SYW5raW5nL2E2dWU3WEJNSUNn [none]
[debug] [2025-05-27T01:45:40.415Z] <<< [apiv2][status] GET https://cloudfunctions.googleapis.com/v1/operations/Y2h1cmNoYXBwZXhwby91cy1jZW50cmFsMS9zZW5kV2Vla2x5RGV2b3Rpb25SYW5raW5nL2E2dWU3WEJNSUNn 200
[debug] [2025-05-27T01:45:40.415Z] <<< [apiv2][body] GET https://cloudfunctions.googleapis.com/v1/operations/Y2h1cmNoYXBwZXhwby91cy1jZW50cmFsMS9zZW5kV2Vla2x5RGV2b3Rpb25SYW5raW5nL2E2dWU3WEJNSUNn {"name":"operations/Y2h1cmNoYXBwZXhwby91cy1jZW50cmFsMS9zZW5kV2Vla2x5RGV2b3Rpb25SYW5raW5nL2E2dWU3WEJNSUNn","metadata":{"@type":"type.googleapis.com/google.cloud.functions.v1.OperationMetadataV1","target":"projects/churchappexpo/locations/us-central1/functions/sendWeeklyDevotionRanking","type":"UPDATE_FUNCTION","request":{"@type":"type.googleapis.com/google.cloud.functions.v1.CloudFunction","name":"projects/churchappexpo/locations/us-central1/functions/sendWeeklyDevotionRanking","eventTrigger":{"eventType":"google.pubsub.topic.publish","resource":"projects/churchappexpo/topics/firebase-schedule-sendWeeklyDevotionRanking-us-central1","service":"pubsub.googleapis.com","failurePolicy":{}},"status":"ACTIVE","entryPoint":"sendWeeklyDevotionRanking","updateTime":"2025-05-27T01:40:27.741Z","versionId":"4","labels":{"deployment-tool":"cli-firebase","deployment-scheduled":"true","firebase-functions-hash":"2cf55b7c5a59ba51ae5b73ecb8b7c1f95497720f"},"sourceUploadUrl":"https://storage.googleapis.com/uploads-1022832859402.us-central1.cloudfunctions.appspot.com/9ffd13ad-e975-4037-8f7c-deb86ba7d8e9.zip?GoogleAccessId=service-650084657232@gcf-admin-robot.iam.gserviceaccount.com&Expires=1748312119&Signature=W5TaGtabIkfulwjdMdt3CwKyySTSulzfixv1qj3L23ogHxdagxvsZZab8gHd06TXepuITzbvjR74lC8pjan6jCyGFXVgPMHPZWL614kyGda6hhQDA%2FCsN3iTn9EJdIdR8oo0igucs43dXRwqVzG%2F8frcF97dJt%2FyMOcBixYuZmvassv0b3PvjLy9mKGSXwWxstfDXjgesrllhympbGH8XmBe597QlTCfpYMfifBAVa9HjNt%2BRCWhSRKlDG2mdQdArUF8ylyMsqwKmOyZXYntKH5Tu9sguGiBBlDJ%2FXVlR3hqT6TuEgMhFbe4iGjHKCtdNjlkzwvcgn%2Bqn9ugaHU7xA%3D%3D","environmentVariables":{"FIREBASE_CONFIG":"{\"projectId\":\"churchappexpo\",\"storageBucket\":\"churchappexpo.firebasestorage.app\"}","GCLOUD_PROJECT":"churchappexpo","EVENTARC_CLOUD_EVENT_SOURCE":"projects/churchappexpo/locations/us-central1/functions/sendWeeklyDevotionRanking"},"runtime":"nodejs20","buildId":"7b25a773-cb88-4905-bc4a-8460d3ef10d5","buildEnvironmentVariables":{"GOOGLE_NODE_RUN_SCRIPTS":""},"buildName":"projects/650084657232/locations/us-central1/builds/7b25a773-cb88-4905-bc4a-8460d3ef10d5","dockerRegistry":"ARTIFACT_REGISTRY","automaticUpdatePolicy":{},"buildServiceAccount":"projects/churchappexpo/serviceAccounts/650084657232-compute@developer.gserviceaccount.com"},"versionId":"5","updateTime":"2025-05-27T01:45:22Z","buildId":"d95179fe-e27a-4b42-9b4f-d5e7b465e133","buildName":"projects/650084657232/locations/us-central1/builds/d95179fe-e27a-4b42-9b4f-d5e7b465e133"}}
[debug] [2025-05-27T01:45:50.417Z] [update-default-us-central1-sendWeeklyDevotionRanking] Retrying task index 0
[debug] [2025-05-27T01:45:50.419Z] Checked if tokens are valid: true, expires at: 1748312471608
[debug] [2025-05-27T01:45:50.419Z] Checked if tokens are valid: true, expires at: 1748312471608
[debug] [2025-05-27T01:45:50.419Z] >>> [apiv2][query] GET https://cloudfunctions.googleapis.com/v1/operations/Y2h1cmNoYXBwZXhwby91cy1jZW50cmFsMS9zZW5kV2Vla2x5RGV2b3Rpb25SYW5raW5nL2E2dWU3WEJNSUNn [none]
[debug] [2025-05-27T01:45:50.809Z] <<< [apiv2][status] GET https://cloudfunctions.googleapis.com/v1/operations/Y2h1cmNoYXBwZXhwby91cy1jZW50cmFsMS9zZW5kV2Vla2x5RGV2b3Rpb25SYW5raW5nL2E2dWU3WEJNSUNn 200
[debug] [2025-05-27T01:45:50.809Z] <<< [apiv2][body] GET https://cloudfunctions.googleapis.com/v1/operations/Y2h1cmNoYXBwZXhwby91cy1jZW50cmFsMS9zZW5kV2Vla2x5RGV2b3Rpb25SYW5raW5nL2E2dWU3WEJNSUNn {"name":"operations/Y2h1cmNoYXBwZXhwby91cy1jZW50cmFsMS9zZW5kV2Vla2x5RGV2b3Rpb25SYW5raW5nL2E2dWU3WEJNSUNn","metadata":{"@type":"type.googleapis.com/google.cloud.functions.v1.OperationMetadataV1","target":"projects/churchappexpo/locations/us-central1/functions/sendWeeklyDevotionRanking","type":"UPDATE_FUNCTION","request":{"@type":"type.googleapis.com/google.cloud.functions.v1.CloudFunction","name":"projects/churchappexpo/locations/us-central1/functions/sendWeeklyDevotionRanking","eventTrigger":{"eventType":"google.pubsub.topic.publish","resource":"projects/churchappexpo/topics/firebase-schedule-sendWeeklyDevotionRanking-us-central1","service":"pubsub.googleapis.com","failurePolicy":{}},"status":"ACTIVE","entryPoint":"sendWeeklyDevotionRanking","updateTime":"2025-05-27T01:40:27.741Z","versionId":"4","labels":{"deployment-tool":"cli-firebase","deployment-scheduled":"true","firebase-functions-hash":"2cf55b7c5a59ba51ae5b73ecb8b7c1f95497720f"},"sourceUploadUrl":"https://storage.googleapis.com/uploads-1022832859402.us-central1.cloudfunctions.appspot.com/9ffd13ad-e975-4037-8f7c-deb86ba7d8e9.zip?GoogleAccessId=service-650084657232@gcf-admin-robot.iam.gserviceaccount.com&Expires=1748312119&Signature=W5TaGtabIkfulwjdMdt3CwKyySTSulzfixv1qj3L23ogHxdagxvsZZab8gHd06TXepuITzbvjR74lC8pjan6jCyGFXVgPMHPZWL614kyGda6hhQDA%2FCsN3iTn9EJdIdR8oo0igucs43dXRwqVzG%2F8frcF97dJt%2FyMOcBixYuZmvassv0b3PvjLy9mKGSXwWxstfDXjgesrllhympbGH8XmBe597QlTCfpYMfifBAVa9HjNt%2BRCWhSRKlDG2mdQdArUF8ylyMsqwKmOyZXYntKH5Tu9sguGiBBlDJ%2FXVlR3hqT6TuEgMhFbe4iGjHKCtdNjlkzwvcgn%2Bqn9ugaHU7xA%3D%3D","environmentVariables":{"FIREBASE_CONFIG":"{\"projectId\":\"churchappexpo\",\"storageBucket\":\"churchappexpo.firebasestorage.app\"}","GCLOUD_PROJECT":"churchappexpo","EVENTARC_CLOUD_EVENT_SOURCE":"projects/churchappexpo/locations/us-central1/functions/sendWeeklyDevotionRanking"},"runtime":"nodejs20","buildId":"7b25a773-cb88-4905-bc4a-8460d3ef10d5","buildEnvironmentVariables":{"GOOGLE_NODE_RUN_SCRIPTS":""},"buildName":"projects/650084657232/locations/us-central1/builds/7b25a773-cb88-4905-bc4a-8460d3ef10d5","dockerRegistry":"ARTIFACT_REGISTRY","automaticUpdatePolicy":{},"buildServiceAccount":"projects/churchappexpo/serviceAccounts/650084657232-compute@developer.gserviceaccount.com"},"versionId":"5","updateTime":"2025-05-27T01:45:22Z","buildId":"d95179fe-e27a-4b42-9b4f-d5e7b465e133","buildName":"projects/650084657232/locations/us-central1/builds/d95179fe-e27a-4b42-9b4f-d5e7b465e133"}}
[debug] [2025-05-27T01:46:00.811Z] [update-default-us-central1-sendWeeklyDevotionRanking] Retrying task index 0
[debug] [2025-05-27T01:46:00.812Z] Checked if tokens are valid: true, expires at: 1748312471608
[debug] [2025-05-27T01:46:00.813Z] Checked if tokens are valid: true, expires at: 1748312471608
[debug] [2025-05-27T01:46:00.813Z] >>> [apiv2][query] GET https://cloudfunctions.googleapis.com/v1/operations/Y2h1cmNoYXBwZXhwby91cy1jZW50cmFsMS9zZW5kV2Vla2x5RGV2b3Rpb25SYW5raW5nL2E2dWU3WEJNSUNn [none]
[debug] [2025-05-27T01:46:01.267Z] <<< [apiv2][status] GET https://cloudfunctions.googleapis.com/v1/operations/Y2h1cmNoYXBwZXhwby91cy1jZW50cmFsMS9zZW5kV2Vla2x5RGV2b3Rpb25SYW5raW5nL2E2dWU3WEJNSUNn 200
[debug] [2025-05-27T01:46:01.267Z] <<< [apiv2][body] GET https://cloudfunctions.googleapis.com/v1/operations/Y2h1cmNoYXBwZXhwby91cy1jZW50cmFsMS9zZW5kV2Vla2x5RGV2b3Rpb25SYW5raW5nL2E2dWU3WEJNSUNn {"name":"operations/Y2h1cmNoYXBwZXhwby91cy1jZW50cmFsMS9zZW5kV2Vla2x5RGV2b3Rpb25SYW5raW5nL2E2dWU3WEJNSUNn","metadata":{"@type":"type.googleapis.com/google.cloud.functions.v1.OperationMetadataV1","target":"projects/churchappexpo/locations/us-central1/functions/sendWeeklyDevotionRanking","type":"UPDATE_FUNCTION","request":{"@type":"type.googleapis.com/google.cloud.functions.v1.CloudFunction","name":"projects/churchappexpo/locations/us-central1/functions/sendWeeklyDevotionRanking","eventTrigger":{"eventType":"google.pubsub.topic.publish","resource":"projects/churchappexpo/topics/firebase-schedule-sendWeeklyDevotionRanking-us-central1","service":"pubsub.googleapis.com","failurePolicy":{}},"status":"ACTIVE","entryPoint":"sendWeeklyDevotionRanking","updateTime":"2025-05-27T01:40:27.741Z","versionId":"4","labels":{"deployment-tool":"cli-firebase","deployment-scheduled":"true","firebase-functions-hash":"2cf55b7c5a59ba51ae5b73ecb8b7c1f95497720f"},"sourceUploadUrl":"https://storage.googleapis.com/uploads-1022832859402.us-central1.cloudfunctions.appspot.com/9ffd13ad-e975-4037-8f7c-deb86ba7d8e9.zip?GoogleAccessId=service-650084657232@gcf-admin-robot.iam.gserviceaccount.com&Expires=1748312119&Signature=W5TaGtabIkfulwjdMdt3CwKyySTSulzfixv1qj3L23ogHxdagxvsZZab8gHd06TXepuITzbvjR74lC8pjan6jCyGFXVgPMHPZWL614kyGda6hhQDA%2FCsN3iTn9EJdIdR8oo0igucs43dXRwqVzG%2F8frcF97dJt%2FyMOcBixYuZmvassv0b3PvjLy9mKGSXwWxstfDXjgesrllhympbGH8XmBe597QlTCfpYMfifBAVa9HjNt%2BRCWhSRKlDG2mdQdArUF8ylyMsqwKmOyZXYntKH5Tu9sguGiBBlDJ%2FXVlR3hqT6TuEgMhFbe4iGjHKCtdNjlkzwvcgn%2Bqn9ugaHU7xA%3D%3D","environmentVariables":{"FIREBASE_CONFIG":"{\"projectId\":\"churchappexpo\",\"storageBucket\":\"churchappexpo.firebasestorage.app\"}","GCLOUD_PROJECT":"churchappexpo","EVENTARC_CLOUD_EVENT_SOURCE":"projects/churchappexpo/locations/us-central1/functions/sendWeeklyDevotionRanking"},"runtime":"nodejs20","buildId":"7b25a773-cb88-4905-bc4a-8460d3ef10d5","buildEnvironmentVariables":{"GOOGLE_NODE_RUN_SCRIPTS":""},"buildName":"projects/650084657232/locations/us-central1/builds/7b25a773-cb88-4905-bc4a-8460d3ef10d5","dockerRegistry":"ARTIFACT_REGISTRY","automaticUpdatePolicy":{},"buildServiceAccount":"projects/churchappexpo/serviceAccounts/650084657232-compute@developer.gserviceaccount.com"},"versionId":"5","updateTime":"2025-05-27T01:45:22Z","buildId":"d95179fe-e27a-4b42-9b4f-d5e7b465e133","buildName":"projects/650084657232/locations/us-central1/builds/d95179fe-e27a-4b42-9b4f-d5e7b465e133"}}
[debug] [2025-05-27T01:46:11.268Z] [update-default-us-central1-sendWeeklyDevotionRanking] Retrying task index 0
[debug] [2025-05-27T01:46:11.269Z] Checked if tokens are valid: true, expires at: 1748312471608
[debug] [2025-05-27T01:46:11.269Z] Checked if tokens are valid: true, expires at: 1748312471608
[debug] [2025-05-27T01:46:11.269Z] >>> [apiv2][query] GET https://cloudfunctions.googleapis.com/v1/operations/Y2h1cmNoYXBwZXhwby91cy1jZW50cmFsMS9zZW5kV2Vla2x5RGV2b3Rpb25SYW5raW5nL2E2dWU3WEJNSUNn [none]
[debug] [2025-05-27T01:46:11.903Z] <<< [apiv2][status] GET https://cloudfunctions.googleapis.com/v1/operations/Y2h1cmNoYXBwZXhwby91cy1jZW50cmFsMS9zZW5kV2Vla2x5RGV2b3Rpb25SYW5raW5nL2E2dWU3WEJNSUNn 200
[debug] [2025-05-27T01:46:11.904Z] <<< [apiv2][body] GET https://cloudfunctions.googleapis.com/v1/operations/Y2h1cmNoYXBwZXhwby91cy1jZW50cmFsMS9zZW5kV2Vla2x5RGV2b3Rpb25SYW5raW5nL2E2dWU3WEJNSUNn {"name":"operations/Y2h1cmNoYXBwZXhwby91cy1jZW50cmFsMS9zZW5kV2Vla2x5RGV2b3Rpb25SYW5raW5nL2E2dWU3WEJNSUNn","metadata":{"@type":"type.googleapis.com/google.cloud.functions.v1.OperationMetadataV1","target":"projects/churchappexpo/locations/us-central1/functions/sendWeeklyDevotionRanking","type":"UPDATE_FUNCTION","request":{"@type":"type.googleapis.com/google.cloud.functions.v1.CloudFunction","name":"projects/churchappexpo/locations/us-central1/functions/sendWeeklyDevotionRanking","eventTrigger":{"eventType":"google.pubsub.topic.publish","resource":"projects/churchappexpo/topics/firebase-schedule-sendWeeklyDevotionRanking-us-central1","service":"pubsub.googleapis.com","failurePolicy":{}},"status":"ACTIVE","entryPoint":"sendWeeklyDevotionRanking","updateTime":"2025-05-27T01:40:27.741Z","versionId":"4","labels":{"deployment-tool":"cli-firebase","deployment-scheduled":"true","firebase-functions-hash":"2cf55b7c5a59ba51ae5b73ecb8b7c1f95497720f"},"sourceUploadUrl":"https://storage.googleapis.com/uploads-1022832859402.us-central1.cloudfunctions.appspot.com/9ffd13ad-e975-4037-8f7c-deb86ba7d8e9.zip?GoogleAccessId=service-650084657232@gcf-admin-robot.iam.gserviceaccount.com&Expires=1748312119&Signature=W5TaGtabIkfulwjdMdt3CwKyySTSulzfixv1qj3L23ogHxdagxvsZZab8gHd06TXepuITzbvjR74lC8pjan6jCyGFXVgPMHPZWL614kyGda6hhQDA%2FCsN3iTn9EJdIdR8oo0igucs43dXRwqVzG%2F8frcF97dJt%2FyMOcBixYuZmvassv0b3PvjLy9mKGSXwWxstfDXjgesrllhympbGH8XmBe597QlTCfpYMfifBAVa9HjNt%2BRCWhSRKlDG2mdQdArUF8ylyMsqwKmOyZXYntKH5Tu9sguGiBBlDJ%2FXVlR3hqT6TuEgMhFbe4iGjHKCtdNjlkzwvcgn%2Bqn9ugaHU7xA%3D%3D","environmentVariables":{"FIREBASE_CONFIG":"{\"projectId\":\"churchappexpo\",\"storageBucket\":\"churchappexpo.firebasestorage.app\"}","GCLOUD_PROJECT":"churchappexpo","EVENTARC_CLOUD_EVENT_SOURCE":"projects/churchappexpo/locations/us-central1/functions/sendWeeklyDevotionRanking"},"runtime":"nodejs20","buildId":"7b25a773-cb88-4905-bc4a-8460d3ef10d5","buildEnvironmentVariables":{"GOOGLE_NODE_RUN_SCRIPTS":""},"buildName":"projects/650084657232/locations/us-central1/builds/7b25a773-cb88-4905-bc4a-8460d3ef10d5","dockerRegistry":"ARTIFACT_REGISTRY","automaticUpdatePolicy":{},"buildServiceAccount":"projects/churchappexpo/serviceAccounts/650084657232-compute@developer.gserviceaccount.com"},"versionId":"5","updateTime":"2025-05-27T01:45:22Z","buildId":"d95179fe-e27a-4b42-9b4f-d5e7b465e133","buildName":"projects/650084657232/locations/us-central1/builds/d95179fe-e27a-4b42-9b4f-d5e7b465e133"}}
[debug] [2025-05-27T01:46:21.905Z] [update-default-us-central1-sendWeeklyDevotionRanking] Retrying task index 0
[debug] [2025-05-27T01:46:21.905Z] Checked if tokens are valid: true, expires at: 1748312471608
[debug] [2025-05-27T01:46:21.905Z] Checked if tokens are valid: true, expires at: 1748312471608
[debug] [2025-05-27T01:46:21.905Z] >>> [apiv2][query] GET https://cloudfunctions.googleapis.com/v1/operations/Y2h1cmNoYXBwZXhwby91cy1jZW50cmFsMS9zZW5kV2Vla2x5RGV2b3Rpb25SYW5raW5nL2E2dWU3WEJNSUNn [none]
[debug] [2025-05-27T01:46:22.451Z] <<< [apiv2][status] GET https://cloudfunctions.googleapis.com/v1/operations/Y2h1cmNoYXBwZXhwby91cy1jZW50cmFsMS9zZW5kV2Vla2x5RGV2b3Rpb25SYW5raW5nL2E2dWU3WEJNSUNn 200
[debug] [2025-05-27T01:46:22.451Z] <<< [apiv2][body] GET https://cloudfunctions.googleapis.com/v1/operations/Y2h1cmNoYXBwZXhwby91cy1jZW50cmFsMS9zZW5kV2Vla2x5RGV2b3Rpb25SYW5raW5nL2E2dWU3WEJNSUNn {"name":"operations/Y2h1cmNoYXBwZXhwby91cy1jZW50cmFsMS9zZW5kV2Vla2x5RGV2b3Rpb25SYW5raW5nL2E2dWU3WEJNSUNn","metadata":{"@type":"type.googleapis.com/google.cloud.functions.v1.OperationMetadataV1","target":"projects/churchappexpo/locations/us-central1/functions/sendWeeklyDevotionRanking","type":"UPDATE_FUNCTION","request":{"@type":"type.googleapis.com/google.cloud.functions.v1.CloudFunction","name":"projects/churchappexpo/locations/us-central1/functions/sendWeeklyDevotionRanking","eventTrigger":{"eventType":"google.pubsub.topic.publish","resource":"projects/churchappexpo/topics/firebase-schedule-sendWeeklyDevotionRanking-us-central1","service":"pubsub.googleapis.com","failurePolicy":{}},"status":"ACTIVE","entryPoint":"sendWeeklyDevotionRanking","updateTime":"2025-05-27T01:40:27.741Z","versionId":"4","labels":{"deployment-tool":"cli-firebase","deployment-scheduled":"true","firebase-functions-hash":"2cf55b7c5a59ba51ae5b73ecb8b7c1f95497720f"},"sourceUploadUrl":"https://storage.googleapis.com/uploads-1022832859402.us-central1.cloudfunctions.appspot.com/9ffd13ad-e975-4037-8f7c-deb86ba7d8e9.zip?GoogleAccessId=service-650084657232@gcf-admin-robot.iam.gserviceaccount.com&Expires=1748312119&Signature=W5TaGtabIkfulwjdMdt3CwKyySTSulzfixv1qj3L23ogHxdagxvsZZab8gHd06TXepuITzbvjR74lC8pjan6jCyGFXVgPMHPZWL614kyGda6hhQDA%2FCsN3iTn9EJdIdR8oo0igucs43dXRwqVzG%2F8frcF97dJt%2FyMOcBixYuZmvassv0b3PvjLy9mKGSXwWxstfDXjgesrllhympbGH8XmBe597QlTCfpYMfifBAVa9HjNt%2BRCWhSRKlDG2mdQdArUF8ylyMsqwKmOyZXYntKH5Tu9sguGiBBlDJ%2FXVlR3hqT6TuEgMhFbe4iGjHKCtdNjlkzwvcgn%2Bqn9ugaHU7xA%3D%3D","environmentVariables":{"FIREBASE_CONFIG":"{\"projectId\":\"churchappexpo\",\"storageBucket\":\"churchappexpo.firebasestorage.app\"}","GCLOUD_PROJECT":"churchappexpo","EVENTARC_CLOUD_EVENT_SOURCE":"projects/churchappexpo/locations/us-central1/functions/sendWeeklyDevotionRanking"},"runtime":"nodejs20","buildId":"7b25a773-cb88-4905-bc4a-8460d3ef10d5","buildEnvironmentVariables":{"GOOGLE_NODE_RUN_SCRIPTS":""},"buildName":"projects/650084657232/locations/us-central1/builds/7b25a773-cb88-4905-bc4a-8460d3ef10d5","dockerRegistry":"ARTIFACT_REGISTRY","automaticUpdatePolicy":{},"buildServiceAccount":"projects/churchappexpo/serviceAccounts/650084657232-compute@developer.gserviceaccount.com"},"versionId":"5","updateTime":"2025-05-27T01:45:22Z","buildId":"d95179fe-e27a-4b42-9b4f-d5e7b465e133","buildName":"projects/650084657232/locations/us-central1/builds/d95179fe-e27a-4b42-9b4f-d5e7b465e133"}}
[debug] [2025-05-27T01:46:32.452Z] [update-default-us-central1-sendWeeklyDevotionRanking] Retrying task index 0
[debug] [2025-05-27T01:46:32.452Z] Checked if tokens are valid: true, expires at: 1748312471608
[debug] [2025-05-27T01:46:32.452Z] Checked if tokens are valid: true, expires at: 1748312471608
[debug] [2025-05-27T01:46:32.452Z] >>> [apiv2][query] GET https://cloudfunctions.googleapis.com/v1/operations/Y2h1cmNoYXBwZXhwby91cy1jZW50cmFsMS9zZW5kV2Vla2x5RGV2b3Rpb25SYW5raW5nL2E2dWU3WEJNSUNn [none]
[debug] [2025-05-27T01:46:33.208Z] <<< [apiv2][status] GET https://cloudfunctions.googleapis.com/v1/operations/Y2h1cmNoYXBwZXhwby91cy1jZW50cmFsMS9zZW5kV2Vla2x5RGV2b3Rpb25SYW5raW5nL2E2dWU3WEJNSUNn 200
[debug] [2025-05-27T01:46:33.208Z] <<< [apiv2][body] GET https://cloudfunctions.googleapis.com/v1/operations/Y2h1cmNoYXBwZXhwby91cy1jZW50cmFsMS9zZW5kV2Vla2x5RGV2b3Rpb25SYW5raW5nL2E2dWU3WEJNSUNn {"name":"operations/Y2h1cmNoYXBwZXhwby91cy1jZW50cmFsMS9zZW5kV2Vla2x5RGV2b3Rpb25SYW5raW5nL2E2dWU3WEJNSUNn","metadata":{"@type":"type.googleapis.com/google.cloud.functions.v1.OperationMetadataV1","target":"projects/churchappexpo/locations/us-central1/functions/sendWeeklyDevotionRanking","type":"UPDATE_FUNCTION","request":{"@type":"type.googleapis.com/google.cloud.functions.v1.CloudFunction","name":"projects/churchappexpo/locations/us-central1/functions/sendWeeklyDevotionRanking","eventTrigger":{"eventType":"google.pubsub.topic.publish","resource":"projects/churchappexpo/topics/firebase-schedule-sendWeeklyDevotionRanking-us-central1","service":"pubsub.googleapis.com","failurePolicy":{}},"status":"ACTIVE","entryPoint":"sendWeeklyDevotionRanking","updateTime":"2025-05-27T01:40:27.741Z","versionId":"4","labels":{"deployment-tool":"cli-firebase","deployment-scheduled":"true","firebase-functions-hash":"2cf55b7c5a59ba51ae5b73ecb8b7c1f95497720f"},"sourceUploadUrl":"https://storage.googleapis.com/uploads-1022832859402.us-central1.cloudfunctions.appspot.com/9ffd13ad-e975-4037-8f7c-deb86ba7d8e9.zip?GoogleAccessId=service-650084657232@gcf-admin-robot.iam.gserviceaccount.com&Expires=1748312119&Signature=W5TaGtabIkfulwjdMdt3CwKyySTSulzfixv1qj3L23ogHxdagxvsZZab8gHd06TXepuITzbvjR74lC8pjan6jCyGFXVgPMHPZWL614kyGda6hhQDA%2FCsN3iTn9EJdIdR8oo0igucs43dXRwqVzG%2F8frcF97dJt%2FyMOcBixYuZmvassv0b3PvjLy9mKGSXwWxstfDXjgesrllhympbGH8XmBe597QlTCfpYMfifBAVa9HjNt%2BRCWhSRKlDG2mdQdArUF8ylyMsqwKmOyZXYntKH5Tu9sguGiBBlDJ%2FXVlR3hqT6TuEgMhFbe4iGjHKCtdNjlkzwvcgn%2Bqn9ugaHU7xA%3D%3D","environmentVariables":{"FIREBASE_CONFIG":"{\"projectId\":\"churchappexpo\",\"storageBucket\":\"churchappexpo.firebasestorage.app\"}","GCLOUD_PROJECT":"churchappexpo","EVENTARC_CLOUD_EVENT_SOURCE":"projects/churchappexpo/locations/us-central1/functions/sendWeeklyDevotionRanking"},"runtime":"nodejs20","buildId":"7b25a773-cb88-4905-bc4a-8460d3ef10d5","buildEnvironmentVariables":{"GOOGLE_NODE_RUN_SCRIPTS":""},"buildName":"projects/650084657232/locations/us-central1/builds/7b25a773-cb88-4905-bc4a-8460d3ef10d5","dockerRegistry":"ARTIFACT_REGISTRY","automaticUpdatePolicy":{},"buildServiceAccount":"projects/churchappexpo/serviceAccounts/650084657232-compute@developer.gserviceaccount.com"},"versionId":"5","updateTime":"2025-05-27T01:45:22Z","buildId":"d95179fe-e27a-4b42-9b4f-d5e7b465e133","sourceToken":"37765499-3df1-4b96-ac5e-624be6cd4ba2","buildName":"projects/650084657232/locations/us-central1/builds/d95179fe-e27a-4b42-9b4f-d5e7b465e133"}}
[debug] [2025-05-27T01:46:33.208Z] Got source token 37765499-3df1-4b96-ac5e-624be6cd4ba2 for region us-central1
[debug] [2025-05-27T01:46:43.210Z] [update-default-us-central1-sendWeeklyDevotionRanking] Retrying task index 0
[debug] [2025-05-27T01:46:43.211Z] Checked if tokens are valid: true, expires at: 1748312471608
[debug] [2025-05-27T01:46:43.211Z] Checked if tokens are valid: true, expires at: 1748312471608
[debug] [2025-05-27T01:46:43.212Z] >>> [apiv2][query] GET https://cloudfunctions.googleapis.com/v1/operations/Y2h1cmNoYXBwZXhwby91cy1jZW50cmFsMS9zZW5kV2Vla2x5RGV2b3Rpb25SYW5raW5nL2E2dWU3WEJNSUNn [none]
[debug] [2025-05-27T01:46:43.608Z] <<< [apiv2][status] GET https://cloudfunctions.googleapis.com/v1/operations/Y2h1cmNoYXBwZXhwby91cy1jZW50cmFsMS9zZW5kV2Vla2x5RGV2b3Rpb25SYW5raW5nL2E2dWU3WEJNSUNn 200
[debug] [2025-05-27T01:46:43.609Z] <<< [apiv2][body] GET https://cloudfunctions.googleapis.com/v1/operations/Y2h1cmNoYXBwZXhwby91cy1jZW50cmFsMS9zZW5kV2Vla2x5RGV2b3Rpb25SYW5raW5nL2E2dWU3WEJNSUNn {"name":"operations/Y2h1cmNoYXBwZXhwby91cy1jZW50cmFsMS9zZW5kV2Vla2x5RGV2b3Rpb25SYW5raW5nL2E2dWU3WEJNSUNn","metadata":{"@type":"type.googleapis.com/google.cloud.functions.v1.OperationMetadataV1","target":"projects/churchappexpo/locations/us-central1/functions/sendWeeklyDevotionRanking","type":"UPDATE_FUNCTION","request":{"@type":"type.googleapis.com/google.cloud.functions.v1.CloudFunction","name":"projects/churchappexpo/locations/us-central1/functions/sendWeeklyDevotionRanking","eventTrigger":{"eventType":"google.pubsub.topic.publish","resource":"projects/churchappexpo/topics/firebase-schedule-sendWeeklyDevotionRanking-us-central1","service":"pubsub.googleapis.com","failurePolicy":{}},"status":"ACTIVE","entryPoint":"sendWeeklyDevotionRanking","updateTime":"2025-05-27T01:40:27.741Z","versionId":"4","labels":{"deployment-tool":"cli-firebase","deployment-scheduled":"true","firebase-functions-hash":"2cf55b7c5a59ba51ae5b73ecb8b7c1f95497720f"},"sourceUploadUrl":"https://storage.googleapis.com/uploads-1022832859402.us-central1.cloudfunctions.appspot.com/9ffd13ad-e975-4037-8f7c-deb86ba7d8e9.zip?GoogleAccessId=service-650084657232@gcf-admin-robot.iam.gserviceaccount.com&Expires=1748312119&Signature=W5TaGtabIkfulwjdMdt3CwKyySTSulzfixv1qj3L23ogHxdagxvsZZab8gHd06TXepuITzbvjR74lC8pjan6jCyGFXVgPMHPZWL614kyGda6hhQDA%2FCsN3iTn9EJdIdR8oo0igucs43dXRwqVzG%2F8frcF97dJt%2FyMOcBixYuZmvassv0b3PvjLy9mKGSXwWxstfDXjgesrllhympbGH8XmBe597QlTCfpYMfifBAVa9HjNt%2BRCWhSRKlDG2mdQdArUF8ylyMsqwKmOyZXYntKH5Tu9sguGiBBlDJ%2FXVlR3hqT6TuEgMhFbe4iGjHKCtdNjlkzwvcgn%2Bqn9ugaHU7xA%3D%3D","environmentVariables":{"FIREBASE_CONFIG":"{\"projectId\":\"churchappexpo\",\"storageBucket\":\"churchappexpo.firebasestorage.app\"}","GCLOUD_PROJECT":"churchappexpo","EVENTARC_CLOUD_EVENT_SOURCE":"projects/churchappexpo/locations/us-central1/functions/sendWeeklyDevotionRanking"},"runtime":"nodejs20","buildId":"7b25a773-cb88-4905-bc4a-8460d3ef10d5","buildEnvironmentVariables":{"GOOGLE_NODE_RUN_SCRIPTS":""},"buildName":"projects/650084657232/locations/us-central1/builds/7b25a773-cb88-4905-bc4a-8460d3ef10d5","dockerRegistry":"ARTIFACT_REGISTRY","automaticUpdatePolicy":{},"buildServiceAccount":"projects/churchappexpo/serviceAccounts/650084657232-compute@developer.gserviceaccount.com"},"versionId":"5","updateTime":"2025-05-27T01:45:22Z","buildId":"d95179fe-e27a-4b42-9b4f-d5e7b465e133","sourceToken":"37765499-3df1-4b96-ac5e-624be6cd4ba2","buildName":"projects/650084657232/locations/us-central1/builds/d95179fe-e27a-4b42-9b4f-d5e7b465e133"}}
[debug] [2025-05-27T01:46:43.609Z] Got source token 37765499-3df1-4b96-ac5e-624be6cd4ba2 for region us-central1
[debug] [2025-05-27T01:46:53.610Z] [update-default-us-central1-sendWeeklyDevotionRanking] Retrying task index 0
[debug] [2025-05-27T01:46:53.611Z] Checked if tokens are valid: true, expires at: 1748312471608
[debug] [2025-05-27T01:46:53.611Z] Checked if tokens are valid: true, expires at: 1748312471608
[debug] [2025-05-27T01:46:53.611Z] >>> [apiv2][query] GET https://cloudfunctions.googleapis.com/v1/operations/Y2h1cmNoYXBwZXhwby91cy1jZW50cmFsMS9zZW5kV2Vla2x5RGV2b3Rpb25SYW5raW5nL2E2dWU3WEJNSUNn [none]
[debug] [2025-05-27T01:46:54.266Z] <<< [apiv2][status] GET https://cloudfunctions.googleapis.com/v1/operations/Y2h1cmNoYXBwZXhwby91cy1jZW50cmFsMS9zZW5kV2Vla2x5RGV2b3Rpb25SYW5raW5nL2E2dWU3WEJNSUNn 200
[debug] [2025-05-27T01:46:54.266Z] <<< [apiv2][body] GET https://cloudfunctions.googleapis.com/v1/operations/Y2h1cmNoYXBwZXhwby91cy1jZW50cmFsMS9zZW5kV2Vla2x5RGV2b3Rpb25SYW5raW5nL2E2dWU3WEJNSUNn {"name":"operations/Y2h1cmNoYXBwZXhwby91cy1jZW50cmFsMS9zZW5kV2Vla2x5RGV2b3Rpb25SYW5raW5nL2E2dWU3WEJNSUNn","metadata":{"@type":"type.googleapis.com/google.cloud.functions.v1.OperationMetadataV1","target":"projects/churchappexpo/locations/us-central1/functions/sendWeeklyDevotionRanking","type":"UPDATE_FUNCTION","request":{"@type":"type.googleapis.com/google.cloud.functions.v1.CloudFunction","name":"projects/churchappexpo/locations/us-central1/functions/sendWeeklyDevotionRanking","eventTrigger":{"eventType":"google.pubsub.topic.publish","resource":"projects/churchappexpo/topics/firebase-schedule-sendWeeklyDevotionRanking-us-central1","service":"pubsub.googleapis.com","failurePolicy":{}},"status":"ACTIVE","entryPoint":"sendWeeklyDevotionRanking","updateTime":"2025-05-27T01:40:27.741Z","versionId":"4","labels":{"deployment-tool":"cli-firebase","deployment-scheduled":"true","firebase-functions-hash":"2cf55b7c5a59ba51ae5b73ecb8b7c1f95497720f"},"sourceUploadUrl":"https://storage.googleapis.com/uploads-1022832859402.us-central1.cloudfunctions.appspot.com/9ffd13ad-e975-4037-8f7c-deb86ba7d8e9.zip?GoogleAccessId=service-650084657232@gcf-admin-robot.iam.gserviceaccount.com&Expires=1748312119&Signature=W5TaGtabIkfulwjdMdt3CwKyySTSulzfixv1qj3L23ogHxdagxvsZZab8gHd06TXepuITzbvjR74lC8pjan6jCyGFXVgPMHPZWL614kyGda6hhQDA%2FCsN3iTn9EJdIdR8oo0igucs43dXRwqVzG%2F8frcF97dJt%2FyMOcBixYuZmvassv0b3PvjLy9mKGSXwWxstfDXjgesrllhympbGH8XmBe597QlTCfpYMfifBAVa9HjNt%2BRCWhSRKlDG2mdQdArUF8ylyMsqwKmOyZXYntKH5Tu9sguGiBBlDJ%2FXVlR3hqT6TuEgMhFbe4iGjHKCtdNjlkzwvcgn%2Bqn9ugaHU7xA%3D%3D","environmentVariables":{"FIREBASE_CONFIG":"{\"projectId\":\"churchappexpo\",\"storageBucket\":\"churchappexpo.firebasestorage.app\"}","GCLOUD_PROJECT":"churchappexpo","EVENTARC_CLOUD_EVENT_SOURCE":"projects/churchappexpo/locations/us-central1/functions/sendWeeklyDevotionRanking"},"runtime":"nodejs20","buildId":"7b25a773-cb88-4905-bc4a-8460d3ef10d5","buildEnvironmentVariables":{"GOOGLE_NODE_RUN_SCRIPTS":""},"buildName":"projects/650084657232/locations/us-central1/builds/7b25a773-cb88-4905-bc4a-8460d3ef10d5","dockerRegistry":"ARTIFACT_REGISTRY","automaticUpdatePolicy":{},"buildServiceAccount":"projects/churchappexpo/serviceAccounts/650084657232-compute@developer.gserviceaccount.com"},"versionId":"5","updateTime":"2025-05-27T01:45:22Z","buildId":"d95179fe-e27a-4b42-9b4f-d5e7b465e133","sourceToken":"37765499-3df1-4b96-ac5e-624be6cd4ba2","buildName":"projects/650084657232/locations/us-central1/builds/d95179fe-e27a-4b42-9b4f-d5e7b465e133"}}
[debug] [2025-05-27T01:46:54.267Z] Got source token 37765499-3df1-4b96-ac5e-624be6cd4ba2 for region us-central1
[debug] [2025-05-27T01:47:04.268Z] [update-default-us-central1-sendWeeklyDevotionRanking] Retrying task index 0
[debug] [2025-05-27T01:47:04.269Z] Checked if tokens are valid: true, expires at: 1748312471608
[debug] [2025-05-27T01:47:04.269Z] Checked if tokens are valid: true, expires at: 1748312471608
[debug] [2025-05-27T01:47:04.269Z] >>> [apiv2][query] GET https://cloudfunctions.googleapis.com/v1/operations/Y2h1cmNoYXBwZXhwby91cy1jZW50cmFsMS9zZW5kV2Vla2x5RGV2b3Rpb25SYW5raW5nL2E2dWU3WEJNSUNn [none]
[debug] [2025-05-27T01:47:04.824Z] <<< [apiv2][status] GET https://cloudfunctions.googleapis.com/v1/operations/Y2h1cmNoYXBwZXhwby91cy1jZW50cmFsMS9zZW5kV2Vla2x5RGV2b3Rpb25SYW5raW5nL2E2dWU3WEJNSUNn 200
[debug] [2025-05-27T01:47:04.824Z] <<< [apiv2][body] GET https://cloudfunctions.googleapis.com/v1/operations/Y2h1cmNoYXBwZXhwby91cy1jZW50cmFsMS9zZW5kV2Vla2x5RGV2b3Rpb25SYW5raW5nL2E2dWU3WEJNSUNn {"name":"operations/Y2h1cmNoYXBwZXhwby91cy1jZW50cmFsMS9zZW5kV2Vla2x5RGV2b3Rpb25SYW5raW5nL2E2dWU3WEJNSUNn","metadata":{"@type":"type.googleapis.com/google.cloud.functions.v1.OperationMetadataV1","target":"projects/churchappexpo/locations/us-central1/functions/sendWeeklyDevotionRanking","type":"UPDATE_FUNCTION","request":{"@type":"type.googleapis.com/google.cloud.functions.v1.CloudFunction","name":"projects/churchappexpo/locations/us-central1/functions/sendWeeklyDevotionRanking","eventTrigger":{"eventType":"google.pubsub.topic.publish","resource":"projects/churchappexpo/topics/firebase-schedule-sendWeeklyDevotionRanking-us-central1","service":"pubsub.googleapis.com","failurePolicy":{}},"status":"ACTIVE","entryPoint":"sendWeeklyDevotionRanking","updateTime":"2025-05-27T01:40:27.741Z","versionId":"4","labels":{"deployment-tool":"cli-firebase","deployment-scheduled":"true","firebase-functions-hash":"2cf55b7c5a59ba51ae5b73ecb8b7c1f95497720f"},"sourceUploadUrl":"https://storage.googleapis.com/uploads-1022832859402.us-central1.cloudfunctions.appspot.com/9ffd13ad-e975-4037-8f7c-deb86ba7d8e9.zip?GoogleAccessId=service-650084657232@gcf-admin-robot.iam.gserviceaccount.com&Expires=1748312119&Signature=W5TaGtabIkfulwjdMdt3CwKyySTSulzfixv1qj3L23ogHxdagxvsZZab8gHd06TXepuITzbvjR74lC8pjan6jCyGFXVgPMHPZWL614kyGda6hhQDA%2FCsN3iTn9EJdIdR8oo0igucs43dXRwqVzG%2F8frcF97dJt%2FyMOcBixYuZmvassv0b3PvjLy9mKGSXwWxstfDXjgesrllhympbGH8XmBe597QlTCfpYMfifBAVa9HjNt%2BRCWhSRKlDG2mdQdArUF8ylyMsqwKmOyZXYntKH5Tu9sguGiBBlDJ%2FXVlR3hqT6TuEgMhFbe4iGjHKCtdNjlkzwvcgn%2Bqn9ugaHU7xA%3D%3D","environmentVariables":{"FIREBASE_CONFIG":"{\"projectId\":\"churchappexpo\",\"storageBucket\":\"churchappexpo.firebasestorage.app\"}","GCLOUD_PROJECT":"churchappexpo","EVENTARC_CLOUD_EVENT_SOURCE":"projects/churchappexpo/locations/us-central1/functions/sendWeeklyDevotionRanking"},"runtime":"nodejs20","buildId":"7b25a773-cb88-4905-bc4a-8460d3ef10d5","buildEnvironmentVariables":{"GOOGLE_NODE_RUN_SCRIPTS":""},"buildName":"projects/650084657232/locations/us-central1/builds/7b25a773-cb88-4905-bc4a-8460d3ef10d5","dockerRegistry":"ARTIFACT_REGISTRY","automaticUpdatePolicy":{},"buildServiceAccount":"projects/churchappexpo/serviceAccounts/650084657232-compute@developer.gserviceaccount.com"},"versionId":"5","updateTime":"2025-05-27T01:45:22Z","buildId":"d95179fe-e27a-4b42-9b4f-d5e7b465e133","sourceToken":"37765499-3df1-4b96-ac5e-624be6cd4ba2","buildName":"projects/650084657232/locations/us-central1/builds/d95179fe-e27a-4b42-9b4f-d5e7b465e133"}}
[debug] [2025-05-27T01:47:04.824Z] Got source token 37765499-3df1-4b96-ac5e-624be6cd4ba2 for region us-central1
[debug] [2025-05-27T01:47:14.826Z] [update-default-us-central1-sendWeeklyDevotionRanking] Retrying task index 0
[debug] [2025-05-27T01:47:14.826Z] Checked if tokens are valid: true, expires at: 1748312471608
[debug] [2025-05-27T01:47:14.826Z] Checked if tokens are valid: true, expires at: 1748312471608
[debug] [2025-05-27T01:47:14.826Z] >>> [apiv2][query] GET https://cloudfunctions.googleapis.com/v1/operations/Y2h1cmNoYXBwZXhwby91cy1jZW50cmFsMS9zZW5kV2Vla2x5RGV2b3Rpb25SYW5raW5nL2E2dWU3WEJNSUNn [none]
[debug] [2025-05-27T01:47:15.375Z] <<< [apiv2][status] GET https://cloudfunctions.googleapis.com/v1/operations/Y2h1cmNoYXBwZXhwby91cy1jZW50cmFsMS9zZW5kV2Vla2x5RGV2b3Rpb25SYW5raW5nL2E2dWU3WEJNSUNn 200
[debug] [2025-05-27T01:47:15.375Z] <<< [apiv2][body] GET https://cloudfunctions.googleapis.com/v1/operations/Y2h1cmNoYXBwZXhwby91cy1jZW50cmFsMS9zZW5kV2Vla2x5RGV2b3Rpb25SYW5raW5nL2E2dWU3WEJNSUNn {"name":"operations/Y2h1cmNoYXBwZXhwby91cy1jZW50cmFsMS9zZW5kV2Vla2x5RGV2b3Rpb25SYW5raW5nL2E2dWU3WEJNSUNn","metadata":{"@type":"type.googleapis.com/google.cloud.functions.v1.OperationMetadataV1","target":"projects/churchappexpo/locations/us-central1/functions/sendWeeklyDevotionRanking","type":"UPDATE_FUNCTION","request":{"@type":"type.googleapis.com/google.cloud.functions.v1.CloudFunction","name":"projects/churchappexpo/locations/us-central1/functions/sendWeeklyDevotionRanking","eventTrigger":{"eventType":"google.pubsub.topic.publish","resource":"projects/churchappexpo/topics/firebase-schedule-sendWeeklyDevotionRanking-us-central1","service":"pubsub.googleapis.com","failurePolicy":{}},"status":"ACTIVE","entryPoint":"sendWeeklyDevotionRanking","updateTime":"2025-05-27T01:40:27.741Z","versionId":"4","labels":{"deployment-tool":"cli-firebase","deployment-scheduled":"true","firebase-functions-hash":"2cf55b7c5a59ba51ae5b73ecb8b7c1f95497720f"},"sourceUploadUrl":"https://storage.googleapis.com/uploads-1022832859402.us-central1.cloudfunctions.appspot.com/9ffd13ad-e975-4037-8f7c-deb86ba7d8e9.zip?GoogleAccessId=service-650084657232@gcf-admin-robot.iam.gserviceaccount.com&Expires=1748312119&Signature=W5TaGtabIkfulwjdMdt3CwKyySTSulzfixv1qj3L23ogHxdagxvsZZab8gHd06TXepuITzbvjR74lC8pjan6jCyGFXVgPMHPZWL614kyGda6hhQDA%2FCsN3iTn9EJdIdR8oo0igucs43dXRwqVzG%2F8frcF97dJt%2FyMOcBixYuZmvassv0b3PvjLy9mKGSXwWxstfDXjgesrllhympbGH8XmBe597QlTCfpYMfifBAVa9HjNt%2BRCWhSRKlDG2mdQdArUF8ylyMsqwKmOyZXYntKH5Tu9sguGiBBlDJ%2FXVlR3hqT6TuEgMhFbe4iGjHKCtdNjlkzwvcgn%2Bqn9ugaHU7xA%3D%3D","environmentVariables":{"FIREBASE_CONFIG":"{\"projectId\":\"churchappexpo\",\"storageBucket\":\"churchappexpo.firebasestorage.app\"}","GCLOUD_PROJECT":"churchappexpo","EVENTARC_CLOUD_EVENT_SOURCE":"projects/churchappexpo/locations/us-central1/functions/sendWeeklyDevotionRanking"},"runtime":"nodejs20","buildId":"7b25a773-cb88-4905-bc4a-8460d3ef10d5","buildEnvironmentVariables":{"GOOGLE_NODE_RUN_SCRIPTS":""},"buildName":"projects/650084657232/locations/us-central1/builds/7b25a773-cb88-4905-bc4a-8460d3ef10d5","dockerRegistry":"ARTIFACT_REGISTRY","automaticUpdatePolicy":{},"buildServiceAccount":"projects/churchappexpo/serviceAccounts/650084657232-compute@developer.gserviceaccount.com"},"versionId":"5","updateTime":"2025-05-27T01:45:22Z","buildId":"d95179fe-e27a-4b42-9b4f-d5e7b465e133","sourceToken":"37765499-3df1-4b96-ac5e-624be6cd4ba2","buildName":"projects/650084657232/locations/us-central1/builds/d95179fe-e27a-4b42-9b4f-d5e7b465e133"}}
[debug] [2025-05-27T01:47:15.375Z] Got source token 37765499-3df1-4b96-ac5e-624be6cd4ba2 for region us-central1
[debug] [2025-05-27T01:47:25.377Z] [update-default-us-central1-sendWeeklyDevotionRanking] Retrying task index 0
[debug] [2025-05-27T01:47:25.379Z] Checked if tokens are valid: true, expires at: 1748312471608
[debug] [2025-05-27T01:47:25.379Z] Checked if tokens are valid: true, expires at: 1748312471608
[debug] [2025-05-27T01:47:25.380Z] >>> [apiv2][query] GET https://cloudfunctions.googleapis.com/v1/operations/Y2h1cmNoYXBwZXhwby91cy1jZW50cmFsMS9zZW5kV2Vla2x5RGV2b3Rpb25SYW5raW5nL2E2dWU3WEJNSUNn [none]
[debug] [2025-05-27T01:47:25.778Z] <<< [apiv2][status] GET https://cloudfunctions.googleapis.com/v1/operations/Y2h1cmNoYXBwZXhwby91cy1jZW50cmFsMS9zZW5kV2Vla2x5RGV2b3Rpb25SYW5raW5nL2E2dWU3WEJNSUNn 200
[debug] [2025-05-27T01:47:25.779Z] <<< [apiv2][body] GET https://cloudfunctions.googleapis.com/v1/operations/Y2h1cmNoYXBwZXhwby91cy1jZW50cmFsMS9zZW5kV2Vla2x5RGV2b3Rpb25SYW5raW5nL2E2dWU3WEJNSUNn {"name":"operations/Y2h1cmNoYXBwZXhwby91cy1jZW50cmFsMS9zZW5kV2Vla2x5RGV2b3Rpb25SYW5raW5nL2E2dWU3WEJNSUNn","metadata":{"@type":"type.googleapis.com/google.cloud.functions.v1.OperationMetadataV1","target":"projects/churchappexpo/locations/us-central1/functions/sendWeeklyDevotionRanking","type":"UPDATE_FUNCTION","request":{"@type":"type.googleapis.com/google.cloud.functions.v1.CloudFunction","name":"projects/churchappexpo/locations/us-central1/functions/sendWeeklyDevotionRanking","eventTrigger":{"eventType":"google.pubsub.topic.publish","resource":"projects/churchappexpo/topics/firebase-schedule-sendWeeklyDevotionRanking-us-central1","service":"pubsub.googleapis.com","failurePolicy":{}},"status":"ACTIVE","entryPoint":"sendWeeklyDevotionRanking","updateTime":"2025-05-27T01:40:27.741Z","versionId":"4","labels":{"deployment-tool":"cli-firebase","deployment-scheduled":"true","firebase-functions-hash":"2cf55b7c5a59ba51ae5b73ecb8b7c1f95497720f"},"sourceUploadUrl":"https://storage.googleapis.com/uploads-1022832859402.us-central1.cloudfunctions.appspot.com/9ffd13ad-e975-4037-8f7c-deb86ba7d8e9.zip?GoogleAccessId=service-650084657232@gcf-admin-robot.iam.gserviceaccount.com&Expires=1748312119&Signature=W5TaGtabIkfulwjdMdt3CwKyySTSulzfixv1qj3L23ogHxdagxvsZZab8gHd06TXepuITzbvjR74lC8pjan6jCyGFXVgPMHPZWL614kyGda6hhQDA%2FCsN3iTn9EJdIdR8oo0igucs43dXRwqVzG%2F8frcF97dJt%2FyMOcBixYuZmvassv0b3PvjLy9mKGSXwWxstfDXjgesrllhympbGH8XmBe597QlTCfpYMfifBAVa9HjNt%2BRCWhSRKlDG2mdQdArUF8ylyMsqwKmOyZXYntKH5Tu9sguGiBBlDJ%2FXVlR3hqT6TuEgMhFbe4iGjHKCtdNjlkzwvcgn%2Bqn9ugaHU7xA%3D%3D","environmentVariables":{"FIREBASE_CONFIG":"{\"projectId\":\"churchappexpo\",\"storageBucket\":\"churchappexpo.firebasestorage.app\"}","GCLOUD_PROJECT":"churchappexpo","EVENTARC_CLOUD_EVENT_SOURCE":"projects/churchappexpo/locations/us-central1/functions/sendWeeklyDevotionRanking"},"runtime":"nodejs20","buildId":"7b25a773-cb88-4905-bc4a-8460d3ef10d5","buildEnvironmentVariables":{"GOOGLE_NODE_RUN_SCRIPTS":""},"buildName":"projects/650084657232/locations/us-central1/builds/7b25a773-cb88-4905-bc4a-8460d3ef10d5","dockerRegistry":"ARTIFACT_REGISTRY","automaticUpdatePolicy":{},"buildServiceAccount":"projects/churchappexpo/serviceAccounts/650084657232-compute@developer.gserviceaccount.com"},"versionId":"5","updateTime":"2025-05-27T01:45:22Z","buildId":"d95179fe-e27a-4b42-9b4f-d5e7b465e133","sourceToken":"37765499-3df1-4b96-ac5e-624be6cd4ba2","buildName":"projects/650084657232/locations/us-central1/builds/d95179fe-e27a-4b42-9b4f-d5e7b465e133"}}
[debug] [2025-05-27T01:47:25.779Z] Got source token 37765499-3df1-4b96-ac5e-624be6cd4ba2 for region us-central1
